#
# A fatal error has been detected by the Java Runtime Environment:
#
#  EXCEPTION_ACCESS_VIOLATION (0xc0000005) at pc=0x00007ffb11ebe0a9, pid=16840, tid=12596
#
# JRE version: OpenJDK Runtime Environment Microsoft-8035246 (17.0.8+7) (build 17.0.8+7-LTS)
# Java VM: OpenJDK 64-Bit Server VM Microsoft-8035246 (17.0.8+7-LTS, mixed mode, sharing, tiered, compressed oops, compressed class ptrs, g1 gc, windows-amd64)
# Problematic frame:
# V  [jvm.dll+0x2be0a9]
#
# No core dump will be written. Minidumps are not enabled by default on client versions of Windows
#
# If you would like to submit a bug report, please visit:
#   https://github.com/microsoft/openjdk/issues
#

---------------  S U M M A R Y ------------

Command Line: -XX:MaxMetaspaceSize=512m --add-opens=java.base/java.util=ALL-UNNAMED --add-opens=java.base/java.lang=ALL-UNNAMED --add-opens=java.base/java.lang.invoke=ALL-UNNAMED --add-opens=java.base/java.util=ALL-UNNAMED --add-opens=java.prefs/java.util.prefs=ALL-UNNAMED --add-opens=java.prefs/java.util.prefs=ALL-UNNAMED --add-opens=java.base/java.nio.charset=ALL-UNNAMED --add-opens=java.base/java.net=ALL-UNNAMED --add-opens=java.base/java.util.concurrent.atomic=ALL-UNNAMED -Xmx2048m -Dfile.encoding=windows-1252 -Duser.country=GB -Duser.language=en -Duser.variant org.gradle.launcher.daemon.bootstrap.GradleDaemon 7.5.1

Host: Intel(R) Core(TM) i7-6600U CPU @ 2.60GHz, 4 cores, 7G,  Windows 11 , 64 bit Build 22621 (10.0.22621.2506)
Time: Tue Dec 26 22:01:39 2023 India Standard Time elapsed time: 63.754744 seconds (0d 0h 1m 3s)

---------------  T H R E A D  ---------------

Current thread (0x000001ad3f4c3580):  JavaThread "C2 CompilerThread1" daemon [_thread_in_native, id=12596, stack(0x0000006f6d400000,0x0000006f6d500000)]


Current CompileTask:
C2:  63754 15211   !   4       org.gradle.cache.internal.DefaultMultiProcessSafePersistentIndexedCache::getIfPresent (25 bytes)

Stack: [0x0000006f6d400000,0x0000006f6d500000],  sp=0x0000006f6d4fba10,  free space=1006k
Native frames: (J=compiled Java code, j=interpreted, Vv=VM code, C=native code)
V  [jvm.dll+0x2be0a9]
V  [jvm.dll+0x21ba8b]
V  [jvm.dll+0x21944b]
V  [jvm.dll+0x1a56b6]
V  [jvm.dll+0x2291ea]
V  [jvm.dll+0x22724c]
V  [jvm.dll+0x7efd0c]
V  [jvm.dll+0x7ea13a]
V  [jvm.dll+0x67ad85]
C  [ucrtbase.dll+0x29363]
C  [KERNEL32.DLL+0x1257d]
C  [ntdll.dll+0x5aa58]


siginfo: EXCEPTION_ACCESS_VIOLATION (0xc0000005), reading address 0x0000000000000028


Register to memory mapping:

RIP=0x00007ffb11ebe0a9 jvm.dll
RAX=0x000001ad3c193ef0 points into unknown readable memory: 0x0000000000000000 | 00 00 00 00 00 00 00 00
RBX=0x0000000000001715 is an unknown value
RCX=0x0 is NULL
RDX=0x0 is NULL
RSP=0x0000006f6d4fba10 is pointing into the stack for thread: 0x000001ad3f4c3580
RBP=0x0000006f6d4fba80 is pointing into the stack for thread: 0x000001ad3f4c3580
RSI=0x0 is NULL
RDI=0x0000000000000047 is an unknown value
R8 =0x000000000000ffe0 is an unknown value
R9 =0x0 is NULL
R10=0x00007ffb5a250000 VCRUNTIME140.dll
R11=0x000001ad3c193f10 points into unknown readable memory: 0x0000000000000000 | 00 00 00 00 00 00 00 00
R12=0x0000000000000050 is an unknown value
R13=0x0 is NULL
R14=0x0 is NULL
R15=0x0000006f6d4fec30 is pointing into the stack for thread: 0x000001ad3f4c3580


Registers:
RAX=0x000001ad3c193ef0, RBX=0x0000000000001715, RCX=0x0000000000000000, RDX=0x0000000000000000
RSP=0x0000006f6d4fba10, RBP=0x0000006f6d4fba80, RSI=0x0000000000000000, RDI=0x0000000000000047
R8 =0x000000000000ffe0, R9 =0x0000000000000000, R10=0x00007ffb5a250000, R11=0x000001ad3c193f10
R12=0x0000000000000050, R13=0x0000000000000000, R14=0x0000000000000000, R15=0x0000006f6d4fec30
RIP=0x00007ffb11ebe0a9, EFLAGS=0x0000000000010202

Top of Stack: (sp=0x0000006f6d4fba10)
0x0000006f6d4fba10:   0000000000001715 0000000000000000
0x0000006f6d4fba20:   0000006f6d4fec30 00007ffb11e238d1
0x0000006f6d4fba30:   000001ad3eda8710 00007ffb00002000
0x0000006f6d4fba40:   000001ad3c193ef0 000001ad00000000
0x0000006f6d4fba50:   0000000000000002 000001ad4078c330
0x0000006f6d4fba60:   0000000000000002 000001ad3eda8710
0x0000006f6d4fba70:   0000000000000000 0000000000000000
0x0000006f6d4fba80:   000001ad41d6c3b0 000001ad7e3355c0
0x0000006f6d4fba90:   0000000000000047 00007ffb12544c08
0x0000006f6d4fbaa0:   0000006f6d4fbbb0 00007ffb11e1ba8b
0x0000006f6d4fbab0:   0000006f6d4fec30 00007ffb12544c08
0x0000006f6d4fbac0:   0000006f6d4fec30 0000006f6d4fbbb0
0x0000006f6d4fbad0:   000001ad00000000 00007ffb1221b7fb
0x0000006f6d4fbae0:   0000006f0000000f 0000006f6d4fec30
0x0000006f6d4fbaf0:   0000006f6d4fbc60 0000000000000000
0x0000006f6d4fbb00:   000001ad00000100 00007ffb12544c08 

Instructions: (pc=0x00007ffb11ebe0a9)
0x00007ffb11ebdfa9:   3b d0 75 0b ff c1 41 3b c9 7c dc 48 8b c2 c3 33
0x00007ffb11ebdfb9:   c0 c3 cc cc cc cc cc 48 89 5c 24 18 55 56 57 41
0x00007ffb11ebdfc9:   55 41 57 48 8b ec 48 83 ec 70 65 48 8b 04 25 58
0x00007ffb11ebdfd9:   00 00 00 48 8b f2 44 8b 05 d2 8b 90 00 4c 8b f9
0x00007ffb11ebdfe9:   4a 8b 1c c0 b8 50 00 00 00 80 3c 18 00 75 05 e8
0x00007ffb11ebdff9:   8b 6f 5d 00 b8 20 00 00 00 48 8b 04 18 48 8b 98
0x00007ffb11ebe009:   38 02 00 00 48 89 5d b0 c7 45 b8 04 00 00 00 48
0x00007ffb11ebe019:   8b 43 18 48 83 f8 df 76 18 4c 8d 05 37 a9 65 00
0x00007ffb11ebe029:   ba 20 00 00 00 48 8b cb e8 5a eb de ff 48 8b 43
0x00007ffb11ebe039:   18 48 8d 48 20 48 3b 4b 20 76 11 45 33 c0 48 8b
0x00007ffb11ebe049:   cb 41 8d 50 20 e8 fd e8 de ff eb 04 48 89 4b 18
0x00007ffb11ebe059:   44 8b 45 b8 33 d2 49 c1 e0 03 48 8b c8 48 89 45
0x00007ffb11ebe069:   c0 e8 e3 80 5d 00 45 33 ed 48 8d 4d d0 44 89 6d
0x00007ffb11ebe079:   c8 e8 01 59 56 00 41 8b 9f 40 02 00 00 41 2b 9f
0x00007ffb11ebe089:   68 02 00 00 44 89 6d f0 3b 5d b8 72 0b 8b d3 48
0x00007ffb11ebe099:   8d 4d b0 e8 6f b3 39 00 48 8b 45 c0 4c 89 2c d8
0x00007ffb11ebe0a9:   8b 7e 28 8b df c1 eb 05 3b 5d d0 72 0b 8b d3 48
0x00007ffb11ebe0b9:   8d 4d d0 e8 1f 59 56 00 48 8b 45 d8 83 e7 1f 48
0x00007ffb11ebe0c9:   8d 14 98 40 0f b6 cf 41 b8 01 00 00 00 41 d3 e0
0x00007ffb11ebe0d9:   8b 0a 8b c1 41 0b c0 89 02 41 85 c8 75 21 8b 5d
0x00007ffb11ebe0e9:   c8 8d 43 01 89 45 c8 3b 5d b8 72 0b 8b d3 48 8d
0x00007ffb11ebe0f9:   4d b0 e8 10 b3 39 00 48 8b 45 c0 48 89 34 d8 44
0x00007ffb11ebe109:   39 6d c8 0f 86 77 01 00 00 4c 89 a4 24 a0 00 00
0x00007ffb11ebe119:   00 4c 89 b4 24 a8 00 00 00 48 8b 45 c0 41 8b cd
0x00007ffb11ebe129:   48 8b 34 c8 8b 46 2c 25 ff 1f 00 00 3d 04 10 00
0x00007ffb11ebe139:   00 0f 85 a7 00 00 00 bb 01 00 00 00 39 5e 18 76
0x00007ffb11ebe149:   39 66 0f 1f 44 00 00 48 8b 46 08 8b cb 48 8b 14
0x00007ffb11ebe159:   c8 48 85 d2 74 1d 48 83 7a 10 00 74 16 80 7a 2c
0x00007ffb11ebe169:   84 74 10 e8 7f 7e ee ff 48 8b d0 49 8b cf e8 a4
0x00007ffb11ebe179:   61 f6 ff ff c3 3b 5e 18 72 cd 48 8b 5e 10 8b 46
0x00007ffb11ebe189:   20 4c 8d 34 c3 49 3b de 73 54 48 8b 3b 8b 47 2c
0x00007ffb11ebe199:   83 e0 03 3c 03 75 2e 48 8b 07 48 8b cf ff 90 88 


Stack slot to memory mapping:
stack at sp + 0 slots: 0x0000000000001715 is an unknown value
stack at sp + 1 slots: 0x0 is NULL
stack at sp + 2 slots: 0x0000006f6d4fec30 is pointing into the stack for thread: 0x000001ad3f4c3580
stack at sp + 3 slots: 0x00007ffb11e238d1 jvm.dll
stack at sp + 4 slots: 0x000001ad3eda8710 points into unknown readable memory: 0x6324737300000006 | 06 00 00 00 73 73 24 63
stack at sp + 5 slots: 0x00007ffb00002000 is an unknown value
stack at sp + 6 slots: 0x000001ad3c193ef0 points into unknown readable memory: 0x0000000000000000 | 00 00 00 00 00 00 00 00
stack at sp + 7 slots: 0x000001ad00000000 points into unknown readable memory: 0x00010000cafedada | da da fe ca 00 00 01 00


---------------  P R O C E S S  ---------------

Threads class SMR info:
_java_thread_list=0x000001ad3db674b0, length=90, elements={
0x000001ad7e31d540, 0x000001ad7f47cee0, 0x000001ad7f47f420, 0x000001ad7f4982a0,
0x000001ad7f49ace0, 0x000001ad7f49d570, 0x000001ad7f49de40, 0x000001ad7f4a1990,
0x000001ad7f4af530, 0x000001ad7f4b2200, 0x000001ad1cc2dee0, 0x000001ad1cc30800,
0x000001ad3dadb8b0, 0x000001ad3da60a80, 0x000001ad3d756410, 0x000001ad3cde9190,
0x000001ad3e255a90, 0x000001ad3ca97800, 0x000001ad3ca97d10, 0x000001ad3ca94f80,
0x000001ad3ca963c0, 0x000001ad3ca98220, 0x000001ad3ca95490, 0x000001ad3ca95eb0,
0x000001ad3ca96de0, 0x000001ad3ca98730, 0x000001ad3ca972f0, 0x000001ad3ca968d0,
0x000001ad3f7f0910, 0x000001ad3f7f2c80, 0x000001ad3f7f2260, 0x000001ad3f7f0e20,
0x000001ad3f7f0400, 0x000001ad3f7f1330, 0x000001ad3f7ed670, 0x000001ad3f7f3bb0,
0x000001ad3f7ee5a0, 0x000001ad3f7ee090, 0x000001ad3f7eefc0, 0x000001ad3f7ef4d0,
0x000001ad3f7f1840, 0x000001ad3f7f36a0, 0x000001ad3f7f2770, 0x000001ad3f7f1d50,
0x000001ad3f7f3190, 0x000001ad3f7ec740, 0x000001ad3f7f40c0, 0x000001ad3f7ecc50,
0x000001ad3f7ed160, 0x000001ad3ee7ac40, 0x000001ad3ee7dee0, 0x000001ad3ee7caa0,
0x000001ad3ee7d4c0, 0x000001ad3ee80250, 0x000001ad3ee80760, 0x000001ad3ee7d9d0,
0x000001ad3ee80c70, 0x000001ad3ee7bb70, 0x000001ad3ee7c080, 0x000001ad3ee7e3f0,
0x000001ad3ee7f830, 0x000001ad3ee7e900, 0x000001ad3ee7ee10, 0x000001ad3ee7cfb0,
0x000001ad3ee7a220, 0x000001ad3ee7a730, 0x000001ad3ee7f320, 0x000001ad3ee7b150,
0x000001ad3ee7c590, 0x000001ad3ee79d10, 0x000001ad3ee81180, 0x000001ad3ee7fd40,
0x000001ad3ee81690, 0x000001ad3ee7b660, 0x000001ad3dc7cee0, 0x000001ad3dc7a150,
0x000001ad3dc7ab70, 0x000001ad3dc7de10, 0x000001ad3dc7ed40, 0x000001ad3dc7d3f0,
0x000001ad3dc7f760, 0x000001ad3dc7fc70, 0x000001ad3dc7d900, 0x000001ad3dc80690,
0x000001ad3dc7baa0, 0x000001ad3dc7b080, 0x000001ad3dc79c40, 0x000001ad3dc7e320,
0x000001ad3f4c3580, 0x000001ad3f41a260
}

Java Threads: ( => current thread )
  0x000001ad7e31d540 JavaThread "main" [_thread_blocked, id=6904, stack(0x0000006f67d00000,0x0000006f67e00000)]
  0x000001ad7f47cee0 JavaThread "Reference Handler" daemon [_thread_blocked, id=11024, stack(0x0000006f68400000,0x0000006f68500000)]
  0x000001ad7f47f420 JavaThread "Finalizer" daemon [_thread_blocked, id=16020, stack(0x0000006f68500000,0x0000006f68600000)]
  0x000001ad7f4982a0 JavaThread "Signal Dispatcher" daemon [_thread_blocked, id=5016, stack(0x0000006f68600000,0x0000006f68700000)]
  0x000001ad7f49ace0 JavaThread "Attach Listener" daemon [_thread_blocked, id=13156, stack(0x0000006f68700000,0x0000006f68800000)]
  0x000001ad7f49d570 JavaThread "Service Thread" daemon [_thread_blocked, id=13812, stack(0x0000006f68800000,0x0000006f68900000)]
  0x000001ad7f49de40 JavaThread "Monitor Deflation Thread" daemon [_thread_blocked, id=12300, stack(0x0000006f68900000,0x0000006f68a00000)]
  0x000001ad7f4a1990 JavaThread "C2 CompilerThread0" daemon [_thread_in_native, id=17712, stack(0x0000006f68a00000,0x0000006f68b00000)]
  0x000001ad7f4af530 JavaThread "C1 CompilerThread0" daemon [_thread_blocked, id=3972, stack(0x0000006f68b00000,0x0000006f68c00000)]
  0x000001ad7f4b2200 JavaThread "Sweeper thread" daemon [_thread_blocked, id=5768, stack(0x0000006f68c00000,0x0000006f68d00000)]
  0x000001ad1cc2dee0 JavaThread "Common-Cleaner" daemon [_thread_blocked, id=11660, stack(0x0000006f68d00000,0x0000006f68e00000)]
  0x000001ad1cc30800 JavaThread "Notification Thread" daemon [_thread_blocked, id=6092, stack(0x0000006f68e00000,0x0000006f68f00000)]
  0x000001ad3dadb8b0 JavaThread "Daemon health stats" [_thread_blocked, id=15244, stack(0x0000006f69400000,0x0000006f69500000)]
  0x000001ad3da60a80 JavaThread "Incoming local TCP Connector on port 62429" [_thread_in_native, id=18096, stack(0x0000006f69500000,0x0000006f69600000)]
  0x000001ad3d756410 JavaThread "Daemon periodic checks" [_thread_blocked, id=8484, stack(0x0000006f69600000,0x0000006f69700000)]
  0x000001ad3cde9190 JavaThread "Daemon" [_thread_blocked, id=9656, stack(0x0000006f69700000,0x0000006f69800000)]
  0x000001ad3e255a90 JavaThread "Handler for socket connection from /127.0.0.1:62429 to /127.0.0.1:62430" [_thread_in_native, id=1588, stack(0x0000006f69800000,0x0000006f69900000)]
  0x000001ad3ca97800 JavaThread "Cancel handler" [_thread_blocked, id=10740, stack(0x0000006f69900000,0x0000006f69a00000)]
  0x000001ad3ca97d10 JavaThread "Daemon worker" [_thread_blocked, id=6228, stack(0x0000006f69a00000,0x0000006f69b00000)]
  0x000001ad3ca94f80 JavaThread "Asynchronous log dispatcher for DefaultDaemonConnection: socket connection from /127.0.0.1:62429 to /127.0.0.1:62430" [_thread_blocked, id=11832, stack(0x0000006f69b00000,0x0000006f69c00000)]
  0x000001ad3ca963c0 JavaThread "Stdin handler" [_thread_blocked, id=13208, stack(0x0000006f69c00000,0x0000006f69d00000)]
  0x000001ad3ca98220 JavaThread "Daemon client event forwarder" [_thread_blocked, id=9104, stack(0x0000006f69d00000,0x0000006f69e00000)]
  0x000001ad3ca95490 JavaThread "Cache worker for journal cache (C:\Users\arjun\.gradle\caches\journal-1)" [_thread_blocked, id=14864, stack(0x0000006f69e00000,0x0000006f69f00000)]
  0x000001ad3ca95eb0 JavaThread "File lock request listener" [_thread_in_native, id=18036, stack(0x0000006f69f00000,0x0000006f6a000000)]
  0x000001ad3ca96de0 JavaThread "Cache worker for file hash cache (C:\Users\arjun\.gradle\caches\7.5.1\fileHashes)" [_thread_blocked, id=17908, stack(0x0000006f69000000,0x0000006f69100000)]
  0x000001ad3ca98730 JavaThread "File watcher server" daemon [_thread_in_native, id=15268, stack(0x0000006f6a100000,0x0000006f6a200000)]
  0x000001ad3ca972f0 JavaThread "File watcher consumer" daemon [_thread_blocked, id=14692, stack(0x0000006f6a200000,0x0000006f6a300000)]
  0x000001ad3ca968d0 JavaThread "Cache worker for checksums cache (D:\react-native\ClinicAppNew\android\.gradle\7.5.1\checksums)" [_thread_blocked, id=14984, stack(0x0000006f6a300000,0x0000006f6a400000)]
  0x000001ad3f7f0910 JavaThread "Cache worker for cache directory md-rule (C:\Users\arjun\.gradle\caches\7.5.1\md-rule)" [_thread_blocked, id=10756, stack(0x0000006f6a400000,0x0000006f6a500000)]
  0x000001ad3f7f2c80 JavaThread "Cache worker for file content cache (C:\Users\arjun\.gradle\caches\7.5.1\fileContent)" [_thread_blocked, id=12576, stack(0x0000006f6a500000,0x0000006f6a600000)]
  0x000001ad3f7f2260 JavaThread "Cache worker for file hash cache (D:\react-native\ClinicAppNew\android\.gradle\7.5.1\fileHashes)" [_thread_blocked, id=5640, stack(0x0000006f6a600000,0x0000006f6a700000)]
  0x000001ad3f7f0e20 JavaThread "Cache worker for cache directory md-supplier (C:\Users\arjun\.gradle\caches\7.5.1\md-supplier)" [_thread_blocked, id=13004, stack(0x0000006f6a700000,0x0000006f6a800000)]
  0x000001ad3f7f0400 JavaThread "Cache worker for execution history cache (C:\Users\arjun\.gradle\caches\7.5.1\executionHistory)" [_thread_blocked, id=2080, stack(0x0000006f6a900000,0x0000006f6aa00000)]
  0x000001ad3f7f1330 JavaThread "jar transforms" [_thread_blocked, id=10148, stack(0x0000006f6aa00000,0x0000006f6ab00000)]
  0x000001ad3f7ed670 JavaThread "jar transforms Thread 2" [_thread_blocked, id=18080, stack(0x0000006f6ab00000,0x0000006f6ac00000)]
  0x000001ad3f7f3bb0 JavaThread "jar transforms Thread 3" [_thread_blocked, id=14604, stack(0x0000006f6a000000,0x0000006f6a100000)]
  0x000001ad3f7ee5a0 JavaThread "jar transforms Thread 4" [_thread_blocked, id=14368, stack(0x0000006f6ac00000,0x0000006f6ad00000)]
  0x000001ad3f7ee090 JavaThread "Cache worker for kotlin-dsl (C:\Users\arjun\.gradle\caches\7.5.1\kotlin-dsl)" [_thread_blocked, id=9992, stack(0x0000006f6ae00000,0x0000006f6af00000)]
  0x000001ad3f7eefc0 JavaThread "Cache worker for dependencies-accessors (D:\react-native\ClinicAppNew\android\.gradle\7.5.1\dependencies-accessors)" [_thread_blocked, id=5072, stack(0x0000006f6af00000,0x0000006f6b000000)]
  0x000001ad3f7ef4d0 JavaThread "Cache worker for Build Output Cleanup Cache (D:\react-native\ClinicAppNew\node_modules\react-native-gradle-plugin\.gradle\buildOutputCleanup)" [_thread_blocked, id=13020, stack(0x0000006f6b000000,0x0000006f6b100000)]
  0x000001ad3f7f1840 JavaThread "Unconstrained build operations" [_thread_blocked, id=10584, stack(0x0000006f6b100000,0x0000006f6b200000)]
  0x000001ad3f7f36a0 JavaThread "Unconstrained build operations Thread 2" [_thread_blocked, id=11624, stack(0x0000006f6b200000,0x0000006f6b300000)]
  0x000001ad3f7f2770 JavaThread "Unconstrained build operations Thread 3" [_thread_blocked, id=16468, stack(0x0000006f6b300000,0x0000006f6b400000)]
  0x000001ad3f7f1d50 JavaThread "Unconstrained build operations Thread 4" [_thread_blocked, id=11260, stack(0x0000006f6b400000,0x0000006f6b500000)]
  0x000001ad3f7f3190 JavaThread "Unconstrained build operations Thread 5" [_thread_blocked, id=11524, stack(0x0000006f6b500000,0x0000006f6b600000)]
  0x000001ad3f7ec740 JavaThread "Unconstrained build operations Thread 6" [_thread_blocked, id=16164, stack(0x0000006f6b600000,0x0000006f6b700000)]
  0x000001ad3f7f40c0 JavaThread "Unconstrained build operations Thread 7" [_thread_blocked, id=12268, stack(0x0000006f6b700000,0x0000006f6b800000)]
  0x000001ad3f7ecc50 JavaThread "Unconstrained build operations Thread 8" [_thread_blocked, id=11540, stack(0x0000006f6b800000,0x0000006f6b900000)]
  0x000001ad3f7ed160 JavaThread "Unconstrained build operations Thread 9" [_thread_blocked, id=17116, stack(0x0000006f6b900000,0x0000006f6ba00000)]
  0x000001ad3ee7ac40 JavaThread "Unconstrained build operations Thread 10" [_thread_blocked, id=16456, stack(0x0000006f6ba00000,0x0000006f6bb00000)]
  0x000001ad3ee7dee0 JavaThread "Unconstrained build operations Thread 11" [_thread_blocked, id=16756, stack(0x0000006f6bb00000,0x0000006f6bc00000)]
  0x000001ad3ee7caa0 JavaThread "Unconstrained build operations Thread 12" [_thread_blocked, id=2992, stack(0x0000006f6bc00000,0x0000006f6bd00000)]
  0x000001ad3ee7d4c0 JavaThread "Unconstrained build operations Thread 13" [_thread_blocked, id=11816, stack(0x0000006f6bd00000,0x0000006f6be00000)]
  0x000001ad3ee80250 JavaThread "Unconstrained build operations Thread 14" [_thread_blocked, id=5840, stack(0x0000006f6be00000,0x0000006f6bf00000)]
  0x000001ad3ee80760 JavaThread "Unconstrained build operations Thread 15" [_thread_in_native, id=17800, stack(0x0000006f6bf00000,0x0000006f6c000000)]
  0x000001ad3ee7d9d0 JavaThread "Unconstrained build operations Thread 16" [_thread_blocked, id=17624, stack(0x0000006f6c000000,0x0000006f6c100000)]
  0x000001ad3ee80c70 JavaThread "Unconstrained build operations Thread 17" [_thread_blocked, id=11312, stack(0x0000006f6c100000,0x0000006f6c200000)]
  0x000001ad3ee7bb70 JavaThread "Unconstrained build operations Thread 18" [_thread_blocked, id=7500, stack(0x0000006f6c200000,0x0000006f6c300000)]
  0x000001ad3ee7c080 JavaThread "Unconstrained build operations Thread 19" [_thread_blocked, id=18012, stack(0x0000006f6c300000,0x0000006f6c400000)]
  0x000001ad3ee7e3f0 JavaThread "Unconstrained build operations Thread 20" [_thread_blocked, id=12428, stack(0x0000006f6c400000,0x0000006f6c500000)]
  0x000001ad3ee7f830 JavaThread "Unconstrained build operations Thread 21" [_thread_blocked, id=16296, stack(0x0000006f6c500000,0x0000006f6c600000)]
  0x000001ad3ee7e900 JavaThread "Unconstrained build operations Thread 22" [_thread_blocked, id=10464, stack(0x0000006f6c600000,0x0000006f6c700000)]
  0x000001ad3ee7ee10 JavaThread "Unconstrained build operations Thread 23" [_thread_blocked, id=12692, stack(0x0000006f6c700000,0x0000006f6c800000)]
  0x000001ad3ee7cfb0 JavaThread "Unconstrained build operations Thread 24" [_thread_blocked, id=5628, stack(0x0000006f6c800000,0x0000006f6c900000)]
  0x000001ad3ee7a220 JavaThread "Unconstrained build operations Thread 25" [_thread_blocked, id=3624, stack(0x0000006f6c900000,0x0000006f6ca00000)]
  0x000001ad3ee7a730 JavaThread "Unconstrained build operations Thread 26" [_thread_blocked, id=12688, stack(0x0000006f6ca00000,0x0000006f6cb00000)]
  0x000001ad3ee7f320 JavaThread "Unconstrained build operations Thread 27" [_thread_blocked, id=11268, stack(0x0000006f6cb00000,0x0000006f6cc00000)]
  0x000001ad3ee7b150 JavaThread "Unconstrained build operations Thread 28" [_thread_blocked, id=16464, stack(0x0000006f6cc00000,0x0000006f6cd00000)]
  0x000001ad3ee7c590 JavaThread "Unconstrained build operations Thread 29" [_thread_blocked, id=4708, stack(0x0000006f6cd00000,0x0000006f6ce00000)]
  0x000001ad3ee79d10 JavaThread "Unconstrained build operations Thread 30" [_thread_blocked, id=11008, stack(0x0000006f6ce00000,0x0000006f6cf00000)]
  0x000001ad3ee81180 JavaThread "Unconstrained build operations Thread 31" [_thread_blocked, id=9932, stack(0x0000006f6cf00000,0x0000006f6d000000)]
  0x000001ad3ee7fd40 JavaThread "Unconstrained build operations Thread 32" [_thread_blocked, id=18376, stack(0x0000006f6d000000,0x0000006f6d100000)]
  0x000001ad3ee81690 JavaThread "Unconstrained build operations Thread 33" [_thread_blocked, id=3880, stack(0x0000006f6d100000,0x0000006f6d200000)]
  0x000001ad3ee7b660 JavaThread "build event listener" [_thread_blocked, id=13336, stack(0x0000006f6d200000,0x0000006f6d300000)]
  0x000001ad3dc7cee0 JavaThread "Memory manager" [_thread_blocked, id=14748, stack(0x0000006f6d300000,0x0000006f6d400000)]
  0x000001ad3dc7a150 JavaThread "Cache worker for Build Output Cleanup Cache (D:\react-native\ClinicAppNew\android\.gradle\buildOutputCleanup)" [_thread_blocked, id=6944, stack(0x0000006f6ad00000,0x0000006f6ae00000)]
  0x000001ad3dc7ab70 JavaThread "included builds" [_thread_blocked, id=5044, stack(0x0000006f6d500000,0x0000006f6d600000)]
  0x000001ad3dc7de10 JavaThread "Execution worker" [_thread_blocked, id=1576, stack(0x0000006f6d600000,0x0000006f6d700000)]
  0x000001ad3dc7ed40 JavaThread "Execution worker Thread 2" [_thread_blocked, id=14976, stack(0x0000006f6d700000,0x0000006f6d800000)]
  0x000001ad3dc7d3f0 JavaThread "Execution worker Thread 3" [_thread_blocked, id=4720, stack(0x0000006f6d800000,0x0000006f6d900000)]
  0x000001ad3dc7f760 JavaThread "Cache worker for execution history cache (D:\react-native\ClinicAppNew\node_modules\react-native-gradle-plugin\.gradle\7.5.1\executionHistory)" [_thread_blocked, id=12792, stack(0x0000006f6d900000,0x0000006f6da00000)]
  0x000001ad3dc7fc70 JavaThread "Unconstrained build operations Thread 34" [_thread_blocked, id=3832, stack(0x0000006f6da00000,0x0000006f6db00000)]
  0x000001ad3dc7d900 JavaThread "Unconstrained build operations Thread 35" [_thread_blocked, id=2124, stack(0x0000006f6db00000,0x0000006f6dc00000)]
  0x000001ad3dc80690 JavaThread "Unconstrained build operations Thread 36" [_thread_blocked, id=13904, stack(0x0000006f6dc00000,0x0000006f6dd00000)]
  0x000001ad3dc7baa0 JavaThread "Unconstrained build operations Thread 37" [_thread_blocked, id=15720, stack(0x0000006f6dd00000,0x0000006f6de00000)]
  0x000001ad3dc7b080 JavaThread "Unconstrained build operations Thread 38" [_thread_blocked, id=12364, stack(0x0000006f6de00000,0x0000006f6df00000)]
  0x000001ad3dc79c40 JavaThread "Unconstrained build operations Thread 39" [_thread_blocked, id=16220, stack(0x0000006f6df00000,0x0000006f6e000000)]
  0x000001ad3dc7e320 JavaThread "Unconstrained build operations Thread 40" [_thread_blocked, id=12468, stack(0x0000006f6e000000,0x0000006f6e100000)]
=>0x000001ad3f4c3580 JavaThread "C2 CompilerThread1" daemon [_thread_in_native, id=12596, stack(0x0000006f6d400000,0x0000006f6d500000)]
  0x000001ad3f41a260 JavaThread "Cache worker for execution history cache (D:\react-native\ClinicAppNew\android\.gradle\7.5.1\executionHistory)" [_thread_blocked, id=2828, stack(0x0000006f6e200000,0x0000006f6e300000)]

Other Threads:
  0x000001ad7f478c60 VMThread "VM Thread" [stack: 0x0000006f68300000,0x0000006f68400000] [id=11564]
  0x000001ad1cc34d00 WatcherThread [stack: 0x0000006f68f00000,0x0000006f69000000] [id=16460]
  0x000001ad7e377660 GCTaskThread "GC Thread#0" [stack: 0x0000006f67e00000,0x0000006f67f00000] [id=4584]
  0x000001ad3c2c08e0 GCTaskThread "GC Thread#1" [stack: 0x0000006f69100000,0x0000006f69200000] [id=4336]
  0x000001ad1cdf8fa0 GCTaskThread "GC Thread#2" [stack: 0x0000006f69200000,0x0000006f69300000] [id=17672]
  0x000001ad3cbb3080 GCTaskThread "GC Thread#3" [stack: 0x0000006f69300000,0x0000006f69400000] [id=17768]
  0x000001ad7e3884c0 ConcurrentGCThread "G1 Main Marker" [stack: 0x0000006f67f00000,0x0000006f68000000] [id=8360]
  0x000001ad7e389580 ConcurrentGCThread "G1 Conc#0" [stack: 0x0000006f68000000,0x0000006f68100000] [id=17636]
  0x000001ad7e3ce920 ConcurrentGCThread "G1 Refine#0" [stack: 0x0000006f68100000,0x0000006f68200000] [id=7928]
  0x000001ad3e45df60 ConcurrentGCThread "G1 Refine#1" [stack: 0x0000006f6a800000,0x0000006f6a900000] [id=764]
  0x000001ad7f3344c0 ConcurrentGCThread "G1 Service" [stack: 0x0000006f68200000,0x0000006f68300000] [id=2528]

Threads with active compile tasks:
C2 CompilerThread0    63920 15223   !   4       java.util.concurrent.FutureTask::run (123 bytes)
C2 CompilerThread1    63920 15211   !   4       org.gradle.cache.internal.DefaultMultiProcessSafePersistentIndexedCache::getIfPresent (25 bytes)

VM state: not at safepoint (normal execution)

VM Mutex/Monitor currently owned by a thread: None

Heap address: 0x0000000080000000, size: 2048 MB, Compressed Oops mode: 32-bit

CDS archive(s) mapped at: [0x000001ad1d000000-0x000001ad1dbd0000-0x000001ad1dbd0000), size 12386304, SharedBaseAddress: 0x000001ad1d000000, ArchiveRelocationMode: 1.
Compressed class space mapped at: 0x000001ad1e000000-0x000001ad38000000, reserved size: 436207616
Narrow klass base: 0x000001ad1d000000, Narrow klass shift: 0, Narrow klass range: 0x100000000

GC Precious Log:
 CPUs: 4 total, 4 available
 Memory: 8068M
 Large Page Support: Disabled
 NUMA Support: Disabled
 Compressed Oops: Enabled (32-bit)
 Heap Region Size: 1M
 Heap Min Capacity: 8M
 Heap Initial Capacity: 128M
 Heap Max Capacity: 2G
 Pre-touch: Disabled
 Parallel Workers: 4
 Concurrent Workers: 1
 Concurrent Refinement Workers: 4
 Periodic GC: Disabled

Heap:
 garbage-first heap   total 230400K, used 188121K [0x0000000080000000, 0x0000000100000000)
  region size 1024K, 30 young (30720K), 4 survivors (4096K)
 Metaspace       used 98528K, committed 99584K, reserved 557056K
  class space    used 13562K, committed 14080K, reserved 425984K

Heap Regions: E=young(eden), S=young(survivor), O=old, HS=humongous(starts), HC=humongous(continues), CS=collection set, F=free, OA=open archive, CA=closed archive, TAMS=top-at-mark-start (previous, next)
|   0|0x0000000080000000, 0x0000000080100000, 0x0000000080100000|100%|HS|  |TAMS 0x0000000080100000, 0x0000000080000000| Complete 
|   1|0x0000000080100000, 0x0000000080200000, 0x0000000080200000|100%|HC|  |TAMS 0x0000000080200000, 0x0000000080100000| Complete 
|   2|0x0000000080200000, 0x0000000080300000, 0x0000000080300000|100%|HC|  |TAMS 0x0000000080300000, 0x0000000080200000| Complete 
|   3|0x0000000080300000, 0x0000000080400000, 0x0000000080400000|100%| O|  |TAMS 0x0000000080400000, 0x0000000080300000| Untracked 
|   4|0x0000000080400000, 0x0000000080500000, 0x0000000080500000|100%| O|  |TAMS 0x0000000080500000, 0x0000000080400000| Untracked 
|   5|0x0000000080500000, 0x0000000080600000, 0x0000000080600000|100%| O|  |TAMS 0x0000000080600000, 0x0000000080500000| Untracked 
|   6|0x0000000080600000, 0x0000000080700000, 0x0000000080700000|100%| O|  |TAMS 0x0000000080700000, 0x0000000080600000| Untracked 
|   7|0x0000000080700000, 0x0000000080800000, 0x0000000080800000|100%| O|  |TAMS 0x0000000080800000, 0x0000000080700000| Untracked 
|   8|0x0000000080800000, 0x0000000080900000, 0x0000000080900000|100%| O|  |TAMS 0x0000000080900000, 0x0000000080800000| Untracked 
|   9|0x0000000080900000, 0x0000000080a00000, 0x0000000080a00000|100%| O|  |TAMS 0x0000000080a00000, 0x0000000080900000| Untracked 
|  10|0x0000000080a00000, 0x0000000080b00000, 0x0000000080b00000|100%| O|  |TAMS 0x0000000080b00000, 0x0000000080a00000| Untracked 
|  11|0x0000000080b00000, 0x0000000080c00000, 0x0000000080c00000|100%| O|  |TAMS 0x0000000080c00000, 0x0000000080b00000| Untracked 
|  12|0x0000000080c00000, 0x0000000080d00000, 0x0000000080d00000|100%| O|  |TAMS 0x0000000080d00000, 0x0000000080c00000| Untracked 
|  13|0x0000000080d00000, 0x0000000080e00000, 0x0000000080e00000|100%| O|  |TAMS 0x0000000080e00000, 0x0000000080d00000| Untracked 
|  14|0x0000000080e00000, 0x0000000080f00000, 0x0000000080f00000|100%| O|  |TAMS 0x0000000080f00000, 0x0000000080e00000| Untracked 
|  15|0x0000000080f00000, 0x0000000081000000, 0x0000000081000000|100%| O|  |TAMS 0x0000000081000000, 0x0000000080f00000| Untracked 
|  16|0x0000000081000000, 0x0000000081100000, 0x0000000081100000|100%| O|  |TAMS 0x0000000081100000, 0x0000000081000000| Untracked 
|  17|0x0000000081100000, 0x0000000081200000, 0x0000000081200000|100%| O|  |TAMS 0x0000000081200000, 0x0000000081100000| Untracked 
|  18|0x0000000081200000, 0x0000000081300000, 0x0000000081300000|100%| O|  |TAMS 0x0000000081300000, 0x0000000081200000| Untracked 
|  19|0x0000000081300000, 0x0000000081400000, 0x0000000081400000|100%| O|  |TAMS 0x0000000081400000, 0x0000000081300000| Untracked 
|  20|0x0000000081400000, 0x0000000081500000, 0x0000000081500000|100%| O|  |TAMS 0x0000000081400000, 0x0000000081400000| Untracked 
|  21|0x0000000081500000, 0x0000000081600000, 0x0000000081600000|100%| O|  |TAMS 0x0000000081600000, 0x0000000081500000| Untracked 
|  22|0x0000000081600000, 0x0000000081700000, 0x0000000081700000|100%| O|  |TAMS 0x0000000081700000, 0x0000000081600000| Untracked 
|  23|0x0000000081700000, 0x0000000081800000, 0x0000000081800000|100%| O|  |TAMS 0x0000000081800000, 0x0000000081700000| Untracked 
|  24|0x0000000081800000, 0x0000000081900000, 0x0000000081900000|100%| O|  |TAMS 0x0000000081900000, 0x0000000081800000| Untracked 
|  25|0x0000000081900000, 0x0000000081a00000, 0x0000000081a00000|100%| O|  |TAMS 0x0000000081a00000, 0x0000000081900000| Untracked 
|  26|0x0000000081a00000, 0x0000000081b00000, 0x0000000081b00000|100%| O|  |TAMS 0x0000000081b00000, 0x0000000081a00000| Untracked 
|  27|0x0000000081b00000, 0x0000000081c00000, 0x0000000081c00000|100%| O|  |TAMS 0x0000000081c00000, 0x0000000081b00000| Untracked 
|  28|0x0000000081c00000, 0x0000000081d00000, 0x0000000081d00000|100%|HS|  |TAMS 0x0000000081d00000, 0x0000000081c00000| Complete 
|  29|0x0000000081d00000, 0x0000000081e00000, 0x0000000081e00000|100%| O|  |TAMS 0x0000000081e00000, 0x0000000081d00000| Untracked 
|  30|0x0000000081e00000, 0x0000000081f00000, 0x0000000081f00000|100%| O|  |TAMS 0x0000000081f00000, 0x0000000081e00000| Untracked 
|  31|0x0000000081f00000, 0x0000000082000000, 0x0000000082000000|100%| O|  |TAMS 0x0000000082000000, 0x0000000081f00000| Untracked 
|  32|0x0000000082000000, 0x0000000082100000, 0x0000000082100000|100%| O|  |TAMS 0x0000000082100000, 0x0000000082000000| Untracked 
|  33|0x0000000082100000, 0x0000000082200000, 0x0000000082200000|100%| O|  |TAMS 0x0000000082200000, 0x0000000082100000| Untracked 
|  34|0x0000000082200000, 0x0000000082300000, 0x0000000082300000|100%|HS|  |TAMS 0x0000000082300000, 0x0000000082200000| Complete 
|  35|0x0000000082300000, 0x0000000082400000, 0x0000000082400000|100%|HC|  |TAMS 0x0000000082400000, 0x0000000082300000| Complete 
|  36|0x0000000082400000, 0x0000000082500000, 0x0000000082500000|100%|HC|  |TAMS 0x0000000082500000, 0x0000000082400000| Complete 
|  37|0x0000000082500000, 0x0000000082600000, 0x0000000082600000|100%| O|  |TAMS 0x0000000082600000, 0x0000000082500000| Untracked 
|  38|0x0000000082600000, 0x0000000082700000, 0x0000000082700000|100%| O|  |TAMS 0x0000000082700000, 0x0000000082600000| Untracked 
|  39|0x0000000082700000, 0x0000000082800000, 0x0000000082800000|100%| O|  |TAMS 0x0000000082800000, 0x0000000082700000| Untracked 
|  40|0x0000000082800000, 0x0000000082900000, 0x0000000082900000|100%| O|  |TAMS 0x0000000082900000, 0x0000000082800000| Untracked 
|  41|0x0000000082900000, 0x0000000082a00000, 0x0000000082a00000|100%| O|  |TAMS 0x0000000082a00000, 0x0000000082900000| Untracked 
|  42|0x0000000082a00000, 0x0000000082b00000, 0x0000000082b00000|100%| O|  |TAMS 0x0000000082b00000, 0x0000000082a00000| Untracked 
|  43|0x0000000082b00000, 0x0000000082c00000, 0x0000000082c00000|100%| O|  |TAMS 0x0000000082c00000, 0x0000000082b00000| Untracked 
|  44|0x0000000082c00000, 0x0000000082d00000, 0x0000000082d00000|100%| O|  |TAMS 0x0000000082d00000, 0x0000000082c00000| Untracked 
|  45|0x0000000082d00000, 0x0000000082e00000, 0x0000000082e00000|100%| O|  |TAMS 0x0000000082e00000, 0x0000000082d00000| Untracked 
|  46|0x0000000082e00000, 0x0000000082f00000, 0x0000000082f00000|100%| O|  |TAMS 0x0000000082f00000, 0x0000000082e00000| Untracked 
|  47|0x0000000082f00000, 0x0000000083000000, 0x0000000083000000|100%| O|  |TAMS 0x0000000083000000, 0x0000000082f00000| Untracked 
|  48|0x0000000083000000, 0x0000000083100000, 0x0000000083100000|100%| O|  |TAMS 0x0000000083100000, 0x0000000083000000| Untracked 
|  49|0x0000000083100000, 0x0000000083200000, 0x0000000083200000|100%| O|  |TAMS 0x0000000083200000, 0x0000000083100000| Untracked 
|  50|0x0000000083200000, 0x0000000083300000, 0x0000000083300000|100%| O|  |TAMS 0x0000000083300000, 0x0000000083200000| Untracked 
|  51|0x0000000083300000, 0x0000000083400000, 0x0000000083400000|100%| O|  |TAMS 0x0000000083400000, 0x0000000083300000| Untracked 
|  52|0x0000000083400000, 0x0000000083500000, 0x0000000083500000|100%|HS|  |TAMS 0x0000000083500000, 0x0000000083400000| Complete 
|  53|0x0000000083500000, 0x0000000083600000, 0x0000000083600000|100%|HS|  |TAMS 0x0000000083600000, 0x0000000083500000| Complete 
|  54|0x0000000083600000, 0x0000000083700000, 0x0000000083700000|100%| O|  |TAMS 0x0000000083700000, 0x0000000083600000| Untracked 
|  55|0x0000000083700000, 0x0000000083800000, 0x0000000083800000|100%| O|  |TAMS 0x0000000083800000, 0x0000000083700000| Untracked 
|  56|0x0000000083800000, 0x0000000083900000, 0x0000000083900000|100%| O|  |TAMS 0x0000000083900000, 0x0000000083800000| Untracked 
|  57|0x0000000083900000, 0x0000000083a00000, 0x0000000083a00000|100%| O|  |TAMS 0x0000000083a00000, 0x0000000083900000| Untracked 
|  58|0x0000000083a00000, 0x0000000083b00000, 0x0000000083b00000|100%|HS|  |TAMS 0x0000000083b00000, 0x0000000083a00000| Complete 
|  59|0x0000000083b00000, 0x0000000083c00000, 0x0000000083c00000|100%|HC|  |TAMS 0x0000000083c00000, 0x0000000083b00000| Complete 
|  60|0x0000000083c00000, 0x0000000083d00000, 0x0000000083d00000|100%| O|  |TAMS 0x0000000083d00000, 0x0000000083c00000| Untracked 
|  61|0x0000000083d00000, 0x0000000083e00000, 0x0000000083e00000|100%| O|  |TAMS 0x0000000083e00000, 0x0000000083d00000| Untracked 
|  62|0x0000000083e00000, 0x0000000083f00000, 0x0000000083f00000|100%| O|  |TAMS 0x0000000083e00000, 0x0000000083e00000| Untracked 
|  63|0x0000000083f00000, 0x0000000084000000, 0x0000000084000000|100%| O|  |TAMS 0x0000000084000000, 0x0000000083f00000| Untracked 
|  64|0x0000000084000000, 0x0000000084100000, 0x0000000084100000|100%| O|  |TAMS 0x0000000084100000, 0x0000000084000000| Untracked 
|  65|0x0000000084100000, 0x0000000084200000, 0x0000000084200000|100%| O|  |TAMS 0x0000000084200000, 0x0000000084100000| Untracked 
|  66|0x0000000084200000, 0x0000000084300000, 0x0000000084300000|100%| O|  |TAMS 0x0000000084300000, 0x0000000084200000| Untracked 
|  67|0x0000000084300000, 0x0000000084400000, 0x0000000084400000|100%| O|  |TAMS 0x0000000084400000, 0x0000000084300000| Untracked 
|  68|0x0000000084400000, 0x0000000084500000, 0x0000000084500000|100%| O|  |TAMS 0x0000000084500000, 0x0000000084400000| Untracked 
|  69|0x0000000084500000, 0x0000000084600000, 0x0000000084600000|100%| O|  |TAMS 0x0000000084600000, 0x0000000084500000| Untracked 
|  70|0x0000000084600000, 0x0000000084700000, 0x0000000084700000|100%| O|  |TAMS 0x0000000084700000, 0x0000000084600000| Untracked 
|  71|0x0000000084700000, 0x0000000084800000, 0x0000000084800000|100%| O|  |TAMS 0x0000000084800000, 0x0000000084700000| Untracked 
|  72|0x0000000084800000, 0x0000000084900000, 0x0000000084900000|100%| O|  |TAMS 0x0000000084900000, 0x0000000084800000| Untracked 
|  73|0x0000000084900000, 0x0000000084a00000, 0x0000000084a00000|100%| O|  |TAMS 0x0000000084a00000, 0x0000000084900000| Untracked 
|  74|0x0000000084a00000, 0x0000000084b00000, 0x0000000084b00000|100%| O|  |TAMS 0x0000000084b00000, 0x0000000084a00000| Untracked 
|  75|0x0000000084b00000, 0x0000000084c00000, 0x0000000084c00000|100%| O|  |TAMS 0x0000000084c00000, 0x0000000084b00000| Untracked 
|  76|0x0000000084c00000, 0x0000000084d00000, 0x0000000084d00000|100%|HS|  |TAMS 0x0000000084d00000, 0x0000000084c00000| Complete 
|  77|0x0000000084d00000, 0x0000000084e00000, 0x0000000084e00000|100%|HS|  |TAMS 0x0000000084e00000, 0x0000000084d00000| Complete 
|  78|0x0000000084e00000, 0x0000000084f00000, 0x0000000084f00000|100%|HS|  |TAMS 0x0000000084f00000, 0x0000000084e00000| Complete 
|  79|0x0000000084f00000, 0x0000000085000000, 0x0000000085000000|100%|HS|  |TAMS 0x0000000085000000, 0x0000000084f00000| Complete 
|  80|0x0000000085000000, 0x0000000085100000, 0x0000000085100000|100%|HC|  |TAMS 0x0000000085100000, 0x0000000085000000| Complete 
|  81|0x0000000085100000, 0x0000000085200000, 0x0000000085200000|100%|HC|  |TAMS 0x0000000085200000, 0x0000000085100000| Complete 
|  82|0x0000000085200000, 0x0000000085300000, 0x0000000085300000|100%| O|  |TAMS 0x0000000085300000, 0x0000000085200000| Untracked 
|  83|0x0000000085300000, 0x0000000085400000, 0x0000000085400000|100%| O|  |TAMS 0x0000000085400000, 0x0000000085300000| Untracked 
|  84|0x0000000085400000, 0x0000000085500000, 0x0000000085500000|100%| O|  |TAMS 0x0000000085500000, 0x0000000085400000| Untracked 
|  85|0x0000000085500000, 0x0000000085600000, 0x0000000085600000|100%| O|  |TAMS 0x0000000085600000, 0x0000000085500000| Untracked 
|  86|0x0000000085600000, 0x0000000085700000, 0x0000000085700000|100%| O|  |TAMS 0x0000000085700000, 0x0000000085600000| Untracked 
|  87|0x0000000085700000, 0x0000000085800000, 0x0000000085800000|100%| O|  |TAMS 0x0000000085800000, 0x0000000085700000| Untracked 
|  88|0x0000000085800000, 0x0000000085900000, 0x0000000085900000|100%| O|  |TAMS 0x0000000085900000, 0x0000000085800000| Untracked 
|  89|0x0000000085900000, 0x0000000085a00000, 0x0000000085a00000|100%| O|  |TAMS 0x0000000085a00000, 0x0000000085900000| Untracked 
|  90|0x0000000085a00000, 0x0000000085b00000, 0x0000000085b00000|100%| O|  |TAMS 0x0000000085b00000, 0x0000000085a00000| Untracked 
|  91|0x0000000085b00000, 0x0000000085c00000, 0x0000000085c00000|100%| O|  |TAMS 0x0000000085c00000, 0x0000000085b00000| Untracked 
|  92|0x0000000085c00000, 0x0000000085d00000, 0x0000000085d00000|100%| O|  |TAMS 0x0000000085d00000, 0x0000000085c00000| Untracked 
|  93|0x0000000085d00000, 0x0000000085e00000, 0x0000000085e00000|100%| O|  |TAMS 0x0000000085e00000, 0x0000000085d00000| Untracked 
|  94|0x0000000085e00000, 0x0000000085f00000, 0x0000000085f00000|100%| O|  |TAMS 0x0000000085f00000, 0x0000000085e00000| Untracked 
|  95|0x0000000085f00000, 0x0000000086000000, 0x0000000086000000|100%| O|  |TAMS 0x0000000086000000, 0x0000000085f00000| Untracked 
|  96|0x0000000086000000, 0x0000000086100000, 0x0000000086100000|100%| O|  |TAMS 0x0000000086100000, 0x0000000086000000| Untracked 
|  97|0x0000000086100000, 0x0000000086200000, 0x0000000086200000|100%|HS|  |TAMS 0x0000000086200000, 0x0000000086100000| Complete 
|  98|0x0000000086200000, 0x0000000086300000, 0x0000000086300000|100%|HS|  |TAMS 0x0000000086300000, 0x0000000086200000| Complete 
|  99|0x0000000086300000, 0x0000000086400000, 0x0000000086400000|100%|HC|  |TAMS 0x0000000086400000, 0x0000000086300000| Complete 
| 100|0x0000000086400000, 0x0000000086500000, 0x0000000086500000|100%|HC|  |TAMS 0x0000000086500000, 0x0000000086400000| Complete 
| 101|0x0000000086500000, 0x0000000086600000, 0x0000000086600000|100%|HS|  |TAMS 0x0000000086600000, 0x0000000086500000| Complete 
| 102|0x0000000086600000, 0x0000000086700000, 0x0000000086700000|100%| O|  |TAMS 0x0000000086700000, 0x0000000086600000| Untracked 
| 103|0x0000000086700000, 0x0000000086800000, 0x0000000086800000|100%| O|  |TAMS 0x0000000086800000, 0x0000000086700000| Untracked 
| 104|0x0000000086800000, 0x0000000086900000, 0x0000000086900000|100%| O|  |TAMS 0x0000000086900000, 0x0000000086800000| Untracked 
| 105|0x0000000086900000, 0x0000000086a00000, 0x0000000086a00000|100%| O|  |TAMS 0x0000000086a00000, 0x0000000086900000| Untracked 
| 106|0x0000000086a00000, 0x0000000086b00000, 0x0000000086b00000|100%| O|  |TAMS 0x0000000086b00000, 0x0000000086a00000| Untracked 
| 107|0x0000000086b00000, 0x0000000086c00000, 0x0000000086c00000|100%| O|  |TAMS 0x0000000086c00000, 0x0000000086b00000| Untracked 
| 108|0x0000000086c00000, 0x0000000086d00000, 0x0000000086d00000|100%| O|  |TAMS 0x0000000086d00000, 0x0000000086c00000| Untracked 
| 109|0x0000000086d00000, 0x0000000086e00000, 0x0000000086e00000|100%| O|  |TAMS 0x0000000086e00000, 0x0000000086d00000| Untracked 
| 110|0x0000000086e00000, 0x0000000086f00000, 0x0000000086f00000|100%| O|  |TAMS 0x0000000086f00000, 0x0000000086e00000| Untracked 
| 111|0x0000000086f00000, 0x0000000087000000, 0x0000000087000000|100%| O|  |TAMS 0x0000000087000000, 0x0000000086f00000| Untracked 
| 112|0x0000000087000000, 0x0000000087100000, 0x0000000087100000|100%| O|  |TAMS 0x0000000087100000, 0x0000000087000000| Untracked 
| 113|0x0000000087100000, 0x0000000087200000, 0x0000000087200000|100%| O|  |TAMS 0x0000000087200000, 0x0000000087100000| Untracked 
| 114|0x0000000087200000, 0x0000000087300000, 0x0000000087300000|100%| O|  |TAMS 0x0000000087300000, 0x0000000087200000| Untracked 
| 115|0x0000000087300000, 0x0000000087400000, 0x0000000087400000|100%| O|  |TAMS 0x0000000087400000, 0x0000000087300000| Untracked 
| 116|0x0000000087400000, 0x0000000087500000, 0x0000000087500000|100%| O|  |TAMS 0x0000000087500000, 0x0000000087400000| Untracked 
| 117|0x0000000087500000, 0x0000000087600000, 0x0000000087600000|100%| O|  |TAMS 0x0000000087600000, 0x0000000087500000| Untracked 
| 118|0x0000000087600000, 0x0000000087700000, 0x0000000087700000|100%| O|  |TAMS 0x0000000087600000, 0x0000000087600000| Untracked 
| 119|0x0000000087700000, 0x0000000087800000, 0x0000000087800000|100%| O|  |TAMS 0x0000000087700000, 0x0000000087700000| Untracked 
| 120|0x0000000087800000, 0x0000000087900000, 0x0000000087900000|100%| O|  |TAMS 0x0000000087800000, 0x0000000087800000| Untracked 
| 121|0x0000000087900000, 0x0000000087a00000, 0x0000000087a00000|100%| O|  |TAMS 0x0000000087900000, 0x0000000087900000| Untracked 
| 122|0x0000000087a00000, 0x0000000087b00000, 0x0000000087b00000|100%| O|  |TAMS 0x0000000087a00000, 0x0000000087a00000| Untracked 
| 123|0x0000000087b00000, 0x0000000087c00000, 0x0000000087c00000|100%| O|  |TAMS 0x0000000087b00000, 0x0000000087b00000| Untracked 
| 124|0x0000000087c00000, 0x0000000087d00000, 0x0000000087d00000|100%| O|  |TAMS 0x0000000087c00000, 0x0000000087c00000| Untracked 
| 125|0x0000000087d00000, 0x0000000087e00000, 0x0000000087e00000|100%| O|  |TAMS 0x0000000087d00000, 0x0000000087d00000| Untracked 
| 126|0x0000000087e00000, 0x0000000087f00000, 0x0000000087f00000|100%| O|  |TAMS 0x0000000087e00000, 0x0000000087e00000| Untracked 
| 127|0x0000000087f00000, 0x0000000088000000, 0x0000000088000000|100%| O|  |TAMS 0x0000000087f00000, 0x0000000087f00000| Untracked 
| 128|0x0000000088000000, 0x0000000088100000, 0x0000000088100000|100%| O|  |TAMS 0x0000000088000000, 0x0000000088000000| Untracked 
| 129|0x0000000088100000, 0x0000000088200000, 0x0000000088200000|100%| O|  |TAMS 0x0000000088100000, 0x0000000088100000| Untracked 
| 130|0x0000000088200000, 0x0000000088300000, 0x0000000088300000|100%| O|  |TAMS 0x0000000088200000, 0x0000000088200000| Untracked 
| 131|0x0000000088300000, 0x0000000088400000, 0x0000000088400000|100%| O|  |TAMS 0x0000000088300000, 0x0000000088300000| Untracked 
| 132|0x0000000088400000, 0x0000000088500000, 0x0000000088500000|100%| O|  |TAMS 0x0000000088400000, 0x0000000088400000| Untracked 
| 133|0x0000000088500000, 0x0000000088600000, 0x0000000088600000|100%| O|  |TAMS 0x0000000088500000, 0x0000000088500000| Untracked 
| 134|0x0000000088600000, 0x0000000088700000, 0x0000000088700000|100%| O|  |TAMS 0x0000000088600000, 0x0000000088600000| Untracked 
| 135|0x0000000088700000, 0x0000000088800000, 0x0000000088800000|100%| O|  |TAMS 0x0000000088700000, 0x0000000088700000| Untracked 
| 136|0x0000000088800000, 0x0000000088900000, 0x0000000088900000|100%| O|  |TAMS 0x0000000088800000, 0x0000000088800000| Untracked 
| 137|0x0000000088900000, 0x0000000088a00000, 0x0000000088a00000|100%| O|  |TAMS 0x0000000088900000, 0x0000000088900000| Untracked 
| 138|0x0000000088a00000, 0x0000000088b00000, 0x0000000088b00000|100%| O|  |TAMS 0x0000000088a00000, 0x0000000088a00000| Untracked 
| 139|0x0000000088b00000, 0x0000000088c00000, 0x0000000088c00000|100%| O|  |TAMS 0x0000000088b00000, 0x0000000088b00000| Untracked 
| 140|0x0000000088c00000, 0x0000000088d00000, 0x0000000088d00000|100%| O|  |TAMS 0x0000000088c00000, 0x0000000088c00000| Untracked 
| 141|0x0000000088d00000, 0x0000000088e00000, 0x0000000088e00000|100%| O|  |TAMS 0x0000000088d00000, 0x0000000088d00000| Untracked 
| 142|0x0000000088e00000, 0x0000000088f00000, 0x0000000088f00000|100%| O|  |TAMS 0x0000000088e00000, 0x0000000088e00000| Untracked 
| 143|0x0000000088f00000, 0x0000000089000000, 0x0000000089000000|100%| O|  |TAMS 0x0000000088f00000, 0x0000000088f00000| Untracked 
| 144|0x0000000089000000, 0x0000000089100000, 0x0000000089100000|100%| O|  |TAMS 0x0000000089000000, 0x0000000089000000| Untracked 
| 145|0x0000000089100000, 0x0000000089200000, 0x0000000089200000|100%| O|  |TAMS 0x0000000089100000, 0x0000000089100000| Untracked 
| 146|0x0000000089200000, 0x0000000089300000, 0x0000000089300000|100%| O|  |TAMS 0x0000000089200000, 0x0000000089200000| Untracked 
| 147|0x0000000089300000, 0x0000000089400000, 0x0000000089400000|100%| O|  |TAMS 0x0000000089300000, 0x0000000089300000| Untracked 
| 148|0x0000000089400000, 0x0000000089500000, 0x0000000089500000|100%| O|  |TAMS 0x0000000089400000, 0x0000000089400000| Untracked 
| 149|0x0000000089500000, 0x0000000089600000, 0x0000000089600000|100%| O|  |TAMS 0x0000000089500000, 0x0000000089500000| Untracked 
| 150|0x0000000089600000, 0x0000000089700000, 0x0000000089700000|100%| O|  |TAMS 0x0000000089600000, 0x0000000089600000| Untracked 
| 151|0x0000000089700000, 0x0000000089800000, 0x0000000089800000|100%| O|  |TAMS 0x0000000089700000, 0x0000000089700000| Untracked 
| 152|0x0000000089800000, 0x0000000089900000, 0x0000000089900000|100%| O|  |TAMS 0x0000000089800000, 0x0000000089800000| Untracked 
| 153|0x0000000089900000, 0x0000000089a00000, 0x0000000089a00000|100%| O|  |TAMS 0x0000000089900000, 0x0000000089900000| Untracked 
| 154|0x0000000089a00000, 0x0000000089b00000, 0x0000000089b00000|100%| O|  |TAMS 0x0000000089a00000, 0x0000000089a00000| Untracked 
| 155|0x0000000089b00000, 0x0000000089c00000, 0x0000000089c00000|100%| O|  |TAMS 0x0000000089b00000, 0x0000000089b00000| Untracked 
| 156|0x0000000089c00000, 0x0000000089c00000, 0x0000000089d00000|  0%| F|  |TAMS 0x0000000089c00000, 0x0000000089c00000| Untracked 
| 157|0x0000000089d00000, 0x0000000089d00000, 0x0000000089e00000|  0%| F|  |TAMS 0x0000000089d00000, 0x0000000089d00000| Untracked 
| 158|0x0000000089e00000, 0x0000000089e00000, 0x0000000089f00000|  0%| F|  |TAMS 0x0000000089e00000, 0x0000000089e00000| Untracked 
| 159|0x0000000089f00000, 0x0000000089f00000, 0x000000008a000000|  0%| F|  |TAMS 0x0000000089f00000, 0x0000000089f00000| Untracked 
| 160|0x000000008a000000, 0x000000008a000000, 0x000000008a100000|  0%| F|  |TAMS 0x000000008a000000, 0x000000008a000000| Untracked 
| 161|0x000000008a100000, 0x000000008a100000, 0x000000008a200000|  0%| F|  |TAMS 0x000000008a100000, 0x000000008a100000| Untracked 
| 162|0x000000008a200000, 0x000000008a200000, 0x000000008a300000|  0%| F|  |TAMS 0x000000008a200000, 0x000000008a200000| Untracked 
| 163|0x000000008a300000, 0x000000008a300000, 0x000000008a400000|  0%| F|  |TAMS 0x000000008a300000, 0x000000008a300000| Untracked 
| 164|0x000000008a400000, 0x000000008a400000, 0x000000008a500000|  0%| F|  |TAMS 0x000000008a400000, 0x000000008a400000| Untracked 
| 165|0x000000008a500000, 0x000000008a500000, 0x000000008a600000|  0%| F|  |TAMS 0x000000008a500000, 0x000000008a500000| Untracked 
| 166|0x000000008a600000, 0x000000008a600000, 0x000000008a700000|  0%| F|  |TAMS 0x000000008a600000, 0x000000008a600000| Untracked 
| 167|0x000000008a700000, 0x000000008a700000, 0x000000008a800000|  0%| F|  |TAMS 0x000000008a700000, 0x000000008a700000| Untracked 
| 168|0x000000008a800000, 0x000000008a800000, 0x000000008a900000|  0%| F|  |TAMS 0x000000008a800000, 0x000000008a800000| Untracked 
| 169|0x000000008a900000, 0x000000008a900000, 0x000000008aa00000|  0%| F|  |TAMS 0x000000008a900000, 0x000000008a900000| Untracked 
| 170|0x000000008aa00000, 0x000000008aa00000, 0x000000008ab00000|  0%| F|  |TAMS 0x000000008aa00000, 0x000000008aa00000| Untracked 
| 171|0x000000008ab00000, 0x000000008ab00000, 0x000000008ac00000|  0%| F|  |TAMS 0x000000008ab00000, 0x000000008ab00000| Untracked 
| 172|0x000000008ac00000, 0x000000008ac00000, 0x000000008ad00000|  0%| F|  |TAMS 0x000000008ac00000, 0x000000008ac00000| Untracked 
| 173|0x000000008ad00000, 0x000000008ad00000, 0x000000008ae00000|  0%| F|  |TAMS 0x000000008ad00000, 0x000000008ad00000| Untracked 
| 174|0x000000008ae00000, 0x000000008ae00000, 0x000000008af00000|  0%| F|  |TAMS 0x000000008ae00000, 0x000000008ae00000| Untracked 
| 175|0x000000008af00000, 0x000000008af00000, 0x000000008b000000|  0%| F|  |TAMS 0x000000008af00000, 0x000000008af00000| Untracked 
| 176|0x000000008b000000, 0x000000008b000000, 0x000000008b100000|  0%| F|  |TAMS 0x000000008b000000, 0x000000008b000000| Untracked 
| 177|0x000000008b100000, 0x000000008b100000, 0x000000008b200000|  0%| F|  |TAMS 0x000000008b100000, 0x000000008b100000| Untracked 
| 178|0x000000008b200000, 0x000000008b200000, 0x000000008b300000|  0%| F|  |TAMS 0x000000008b200000, 0x000000008b200000| Untracked 
| 179|0x000000008b300000, 0x000000008b300000, 0x000000008b400000|  0%| F|  |TAMS 0x000000008b300000, 0x000000008b300000| Untracked 
| 180|0x000000008b400000, 0x000000008b400000, 0x000000008b500000|  0%| F|  |TAMS 0x000000008b400000, 0x000000008b400000| Untracked 
| 181|0x000000008b500000, 0x000000008b500000, 0x000000008b600000|  0%| F|  |TAMS 0x000000008b500000, 0x000000008b500000| Untracked 
| 182|0x000000008b600000, 0x000000008b600000, 0x000000008b700000|  0%| F|  |TAMS 0x000000008b600000, 0x000000008b600000| Untracked 
| 183|0x000000008b700000, 0x000000008b700000, 0x000000008b800000|  0%| F|  |TAMS 0x000000008b700000, 0x000000008b700000| Untracked 
| 184|0x000000008b800000, 0x000000008b800000, 0x000000008b900000|  0%| F|  |TAMS 0x000000008b800000, 0x000000008b800000| Untracked 
| 185|0x000000008b900000, 0x000000008b900000, 0x000000008ba00000|  0%| F|  |TAMS 0x000000008b900000, 0x000000008b900000| Untracked 
| 186|0x000000008ba00000, 0x000000008ba00000, 0x000000008bb00000|  0%| F|  |TAMS 0x000000008ba00000, 0x000000008ba00000| Untracked 
| 187|0x000000008bb00000, 0x000000008bb00000, 0x000000008bc00000|  0%| F|  |TAMS 0x000000008bb00000, 0x000000008bb00000| Untracked 
| 188|0x000000008bc00000, 0x000000008bcb65e0, 0x000000008bd00000| 71%| S|CS|TAMS 0x000000008bc00000, 0x000000008bc00000| Complete 
| 189|0x000000008bd00000, 0x000000008be00000, 0x000000008be00000|100%| S|CS|TAMS 0x000000008bd00000, 0x000000008bd00000| Complete 
| 190|0x000000008be00000, 0x000000008bf00000, 0x000000008bf00000|100%| S|CS|TAMS 0x000000008be00000, 0x000000008be00000| Complete 
| 191|0x000000008bf00000, 0x000000008c000000, 0x000000008c000000|100%| S|CS|TAMS 0x000000008bf00000, 0x000000008bf00000| Complete 
| 192|0x000000008c000000, 0x000000008c000000, 0x000000008c100000|  0%| F|  |TAMS 0x000000008c000000, 0x000000008c000000| Untracked 
| 193|0x000000008c100000, 0x000000008c100000, 0x000000008c200000|  0%| F|  |TAMS 0x000000008c100000, 0x000000008c100000| Untracked 
| 194|0x000000008c200000, 0x000000008c200000, 0x000000008c300000|  0%| F|  |TAMS 0x000000008c200000, 0x000000008c200000| Untracked 
| 195|0x000000008c300000, 0x000000008c300000, 0x000000008c400000|  0%| F|  |TAMS 0x000000008c300000, 0x000000008c300000| Untracked 
| 196|0x000000008c400000, 0x000000008c400000, 0x000000008c500000|  0%| F|  |TAMS 0x000000008c400000, 0x000000008c400000| Untracked 
| 197|0x000000008c500000, 0x000000008c500000, 0x000000008c600000|  0%| F|  |TAMS 0x000000008c500000, 0x000000008c500000| Untracked 
| 198|0x000000008c600000, 0x000000008c600000, 0x000000008c700000|  0%| F|  |TAMS 0x000000008c600000, 0x000000008c600000| Untracked 
| 199|0x000000008c700000, 0x000000008c735f68, 0x000000008c800000| 21%| E|  |TAMS 0x000000008c700000, 0x000000008c700000| Complete 
| 200|0x000000008c800000, 0x000000008c900000, 0x000000008c900000|100%| E|CS|TAMS 0x000000008c800000, 0x000000008c800000| Complete 
| 201|0x000000008c900000, 0x000000008ca00000, 0x000000008ca00000|100%| E|CS|TAMS 0x000000008c900000, 0x000000008c900000| Complete 
| 202|0x000000008ca00000, 0x000000008cb00000, 0x000000008cb00000|100%| E|CS|TAMS 0x000000008ca00000, 0x000000008ca00000| Complete 
| 203|0x000000008cb00000, 0x000000008cc00000, 0x000000008cc00000|100%| E|CS|TAMS 0x000000008cb00000, 0x000000008cb00000| Complete 
| 204|0x000000008cc00000, 0x000000008cd00000, 0x000000008cd00000|100%| E|CS|TAMS 0x000000008cc00000, 0x000000008cc00000| Complete 
| 205|0x000000008cd00000, 0x000000008ce00000, 0x000000008ce00000|100%| E|CS|TAMS 0x000000008cd00000, 0x000000008cd00000| Complete 
| 206|0x000000008ce00000, 0x000000008cf00000, 0x000000008cf00000|100%| E|CS|TAMS 0x000000008ce00000, 0x000000008ce00000| Complete 
| 207|0x000000008cf00000, 0x000000008d000000, 0x000000008d000000|100%| E|CS|TAMS 0x000000008cf00000, 0x000000008cf00000| Complete 
| 208|0x000000008d000000, 0x000000008d100000, 0x000000008d100000|100%| E|CS|TAMS 0x000000008d000000, 0x000000008d000000| Complete 
| 209|0x000000008d100000, 0x000000008d200000, 0x000000008d200000|100%| E|CS|TAMS 0x000000008d100000, 0x000000008d100000| Complete 
| 210|0x000000008d200000, 0x000000008d300000, 0x000000008d300000|100%| E|CS|TAMS 0x000000008d200000, 0x000000008d200000| Complete 
| 211|0x000000008d300000, 0x000000008d400000, 0x000000008d400000|100%| E|  |TAMS 0x000000008d300000, 0x000000008d300000| Complete 
| 212|0x000000008d400000, 0x000000008d500000, 0x000000008d500000|100%| E|CS|TAMS 0x000000008d400000, 0x000000008d400000| Complete 
| 213|0x000000008d500000, 0x000000008d600000, 0x000000008d600000|100%| E|CS|TAMS 0x000000008d500000, 0x000000008d500000| Complete 
| 214|0x000000008d600000, 0x000000008d700000, 0x000000008d700000|100%| E|CS|TAMS 0x000000008d600000, 0x000000008d600000| Complete 
| 215|0x000000008d700000, 0x000000008d800000, 0x000000008d800000|100%| E|CS|TAMS 0x000000008d700000, 0x000000008d700000| Complete 
| 216|0x000000008d800000, 0x000000008d900000, 0x000000008d900000|100%| E|CS|TAMS 0x000000008d800000, 0x000000008d800000| Complete 
| 217|0x000000008d900000, 0x000000008da00000, 0x000000008da00000|100%| E|CS|TAMS 0x000000008d900000, 0x000000008d900000| Complete 
| 218|0x000000008da00000, 0x000000008db00000, 0x000000008db00000|100%| E|CS|TAMS 0x000000008da00000, 0x000000008da00000| Complete 
| 219|0x000000008db00000, 0x000000008dc00000, 0x000000008dc00000|100%| E|CS|TAMS 0x000000008db00000, 0x000000008db00000| Complete 
| 220|0x000000008dc00000, 0x000000008dd00000, 0x000000008dd00000|100%| E|CS|TAMS 0x000000008dc00000, 0x000000008dc00000| Complete 
| 221|0x000000008dd00000, 0x000000008de00000, 0x000000008de00000|100%| E|CS|TAMS 0x000000008dd00000, 0x000000008dd00000| Complete 
| 222|0x000000008de00000, 0x000000008df00000, 0x000000008df00000|100%| E|CS|TAMS 0x000000008de00000, 0x000000008de00000| Complete 
| 223|0x000000008df00000, 0x000000008e000000, 0x000000008e000000|100%| E|CS|TAMS 0x000000008df00000, 0x000000008df00000| Complete 
| 224|0x000000008e000000, 0x000000008e100000, 0x000000008e100000|100%| E|CS|TAMS 0x000000008e000000, 0x000000008e000000| Complete 

Card table byte_map: [0x000001ad7e7d0000,0x000001ad7ebd0000] _byte_map_base: 0x000001ad7e3d0000

Marking Bits (Prev, Next): (CMBitMap*) 0x000001ad7e377bd0, (CMBitMap*) 0x000001ad7e377b90
 Prev Bits: [0x000001ad18a40000, 0x000001ad1aa40000)
 Next Bits: [0x000001ad16a40000, 0x000001ad18a40000)

Polling page: 0x000001ad7dad0000

Metaspace:

Usage:
  Non-class:     82.97 MB used.
      Class:     13.24 MB used.
       Both:     96.22 MB used.

Virtual space:
  Non-class space:      128.00 MB reserved,      83.50 MB ( 65%) committed,  2 nodes.
      Class space:      416.00 MB reserved,      13.75 MB (  3%) committed,  1 nodes.
             Both:      544.00 MB reserved,      97.25 MB ( 18%) committed. 

Chunk freelists:
   Non-Class:  12.20 MB
       Class:  2.29 MB
        Both:  14.50 MB

MaxMetaspaceSize: 512.00 MB
CompressedClassSpaceSize: 416.00 MB
Initial GC threshold: 21.00 MB
Current GC threshold: 145.44 MB
CDS: on
MetaspaceReclaimPolicy: balanced
 - commit_granule_bytes: 65536.
 - commit_granule_words: 8192.
 - virtual_space_node_default_size: 8388608.
 - enlarge_chunks_in_place: 1.
 - new_chunks_are_fully_committed: 0.
 - uncommit_free_chunks: 1.
 - use_allocation_guard: 0.
 - handle_deallocations: 1.


Internal statistics:

num_allocs_failed_limit: 6.
num_arena_births: 1240.
num_arena_deaths: 0.
num_vsnodes_births: 3.
num_vsnodes_deaths: 0.
num_space_committed: 1556.
num_space_uncommitted: 0.
num_chunks_returned_to_freelist: 6.
num_chunks_taken_from_freelist: 5512.
num_chunk_merges: 6.
num_chunk_splits: 3591.
num_chunks_enlarged: 2333.
num_inconsistent_stats: 0.

CodeHeap 'non-profiled nmethods': size=120000Kb used=9164Kb max_used=9164Kb free=110835Kb
 bounds [0x000001ad0f510000, 0x000001ad0fe10000, 0x000001ad16a40000]
CodeHeap 'profiled nmethods': size=120000Kb used=25204Kb max_used=25411Kb free=94795Kb
 bounds [0x000001ad07a40000, 0x000001ad09320000, 0x000001ad0ef70000]
CodeHeap 'non-nmethods': size=5760Kb used=2407Kb max_used=2511Kb free=3352Kb
 bounds [0x000001ad0ef70000, 0x000001ad0f210000, 0x000001ad0f510000]
 total_blobs=13980 nmethods=13037 adapters=855
 compilation: enabled
              stopped_count=0, restarted_count=0
 full_count=0

Compilation events (20 events):
Event: 63.625 Thread 0x000001ad3f4c3580 nmethod 15203 0x000001ad0fdeac10 code [0x000001ad0fdeada0, 0x000001ad0fdeae78]
Event: 63.625 Thread 0x000001ad3f4c3580 15204       4       sun.nio.fs.WindowsFileAttributes::lastModifiedTime (8 bytes)
Event: 63.627 Thread 0x000001ad3f4c3580 nmethod 15204 0x000001ad0fdeaf90 code [0x000001ad0fdeb120, 0x000001ad0fdeb2a8]
Event: 63.627 Thread 0x000001ad3f4c3580 15205   !   4       sun.nio.fs.WindowsFileAttributes::toFileTime (47 bytes)
Event: 63.630 Thread 0x000001ad3f4c3580 nmethod 15205 0x000001ad0fdeb410 code [0x000001ad0fdeb5a0, 0x000001ad0fdeb708]
Event: 63.630 Thread 0x000001ad3f4c3580 15207       4       org.gradle.internal.io.StreamByteBuffer$StreamByteBufferInputStream::readImpl (150 bytes)
Event: 63.645 Thread 0x000001ad3f4c3580 nmethod 15207 0x000001ad0fdeb890 code [0x000001ad0fdeba20, 0x000001ad0fdec078]
Event: 63.645 Thread 0x000001ad3f4c3580 15208       4       org.gradle.internal.io.StreamByteBuffer$StreamByteBufferChunk::read (25 bytes)
Event: 63.647 Thread 0x000001ad3f4c3580 nmethod 15208 0x000001ad0fdec510 code [0x000001ad0fdec680, 0x000001ad0fdec7d8]
Event: 63.647 Thread 0x000001ad3f4c3580 15209       4       org.gradle.internal.io.StreamByteBuffer$StreamByteBufferInputStream::read (8 bytes)
Event: 63.661 Thread 0x000001ad3f4c3580 nmethod 15209 0x000001ad0fdec910 code [0x000001ad0fdecaa0, 0x000001ad0fded0f8]
Event: 63.661 Thread 0x000001ad3f4c3580 15211   !   4       org.gradle.cache.internal.DefaultMultiProcessSafePersistentIndexedCache::getIfPresent (25 bytes)
Event: 63.730 Thread 0x000001ad7f4a1990 nmethod 15128% 0x000001ad0fded590 code [0x000001ad0fdedd40, 0x000001ad0fdf5c68]
Event: 63.731 Thread 0x000001ad7f4a1990 15215       4       org.gradle.internal.io.RandomAccessFileInputStream::read (11 bytes)
Event: 63.732 Thread 0x000001ad7f4a1990 nmethod 15215 0x000001ad0fdfb690 code [0x000001ad0fdfb820, 0x000001ad0fdfb8e8]
Event: 63.732 Thread 0x000001ad7f4a1990 15213       4       org.gradle.internal.snapshot.FileSystemLocationSnapshot$$Lambda$387/0x000001ad1e417b68::apply (10 bytes)
Event: 63.733 Thread 0x000001ad7f4a1990 nmethod 15213 0x000001ad0fdfba10 code [0x000001ad0fdfbba0, 0x000001ad0fdfbcb8]
Event: 63.733 Thread 0x000001ad7f4a1990 15214       4       java.lang.String::encode (48 bytes)
Event: 63.737 Thread 0x000001ad7f4a1990 nmethod 15214 0x000001ad0fdfbd90 code [0x000001ad0fdfbf40, 0x000001ad0fdfc250]
Event: 63.737 Thread 0x000001ad7f4a1990 15216       4       java.util.concurrent.FutureTask::awaitDone (214 bytes)

GC Heap History (20 events):
Event: 50.280 GC heap before
{Heap before GC invocations=44 (full 0):
 garbage-first heap   total 196608K, used 155355K [0x0000000080000000, 0x0000000100000000)
  region size 1024K, 35 young (35840K), 2 survivors (2048K)
 Metaspace       used 87584K, committed 88512K, reserved 557056K
  class space    used 12170K, committed 12608K, reserved 425984K
}
Event: 50.294 GC heap after
{Heap after GC invocations=45 (full 0):
 garbage-first heap   total 196608K, used 126525K [0x0000000080000000, 0x0000000100000000)
  region size 1024K, 5 young (5120K), 5 survivors (5120K)
 Metaspace       used 87584K, committed 88512K, reserved 557056K
  class space    used 12170K, committed 12608K, reserved 425984K
}
Event: 51.975 GC heap before
{Heap before GC invocations=46 (full 0):
 garbage-first heap   total 230400K, used 156221K [0x0000000080000000, 0x0000000100000000)
  region size 1024K, 34 young (34816K), 5 survivors (5120K)
 Metaspace       used 91718K, committed 92672K, reserved 557056K
  class space    used 12761K, committed 13248K, reserved 425984K
}
Event: 51.989 GC heap after
{Heap after GC invocations=47 (full 0):
 garbage-first heap   total 230400K, used 128915K [0x0000000080000000, 0x0000000100000000)
  region size 1024K, 3 young (3072K), 3 survivors (3072K)
 Metaspace       used 91718K, committed 92672K, reserved 557056K
  class space    used 12761K, committed 13248K, reserved 425984K
}
Event: 52.305 GC heap before
{Heap before GC invocations=47 (full 0):
 garbage-first heap   total 230400K, used 137107K [0x0000000080000000, 0x0000000100000000)
  region size 1024K, 11 young (11264K), 3 survivors (3072K)
 Metaspace       used 92191K, committed 93184K, reserved 557056K
  class space    used 12822K, committed 13312K, reserved 425984K
}
Event: 52.315 GC heap after
{Heap after GC invocations=48 (full 0):
 garbage-first heap   total 230400K, used 129840K [0x0000000080000000, 0x0000000100000000)
  region size 1024K, 1 young (1024K), 1 survivors (1024K)
 Metaspace       used 92191K, committed 93184K, reserved 557056K
  class space    used 12822K, committed 13312K, reserved 425984K
}
Event: 55.134 GC heap before
{Heap before GC invocations=48 (full 0):
 garbage-first heap   total 230400K, used 182064K [0x0000000080000000, 0x0000000100000000)
  region size 1024K, 52 young (53248K), 1 survivors (1024K)
 Metaspace       used 94276K, committed 95296K, reserved 557056K
  class space    used 13072K, committed 13568K, reserved 425984K
}
Event: 55.153 GC heap after
{Heap after GC invocations=49 (full 0):
 garbage-first heap   total 230400K, used 136842K [0x0000000080000000, 0x0000000100000000)
  region size 1024K, 7 young (7168K), 7 survivors (7168K)
 Metaspace       used 94276K, committed 95296K, reserved 557056K
  class space    used 13072K, committed 13568K, reserved 425984K
}
Event: 57.278 GC heap before
{Heap before GC invocations=49 (full 0):
 garbage-first heap   total 230400K, used 184970K [0x0000000080000000, 0x0000000100000000)
  region size 1024K, 54 young (55296K), 7 survivors (7168K)
 Metaspace       used 94727K, committed 95744K, reserved 557056K
  class space    used 13107K, committed 13632K, reserved 425984K
}
Event: 57.309 GC heap after
{Heap after GC invocations=50 (full 0):
 garbage-first heap   total 230400K, used 142824K [0x0000000080000000, 0x0000000100000000)
  region size 1024K, 6 young (6144K), 6 survivors (6144K)
 Metaspace       used 94727K, committed 95744K, reserved 557056K
  class space    used 13107K, committed 13632K, reserved 425984K
}
Event: 58.203 GC heap before
{Heap before GC invocations=50 (full 0):
 garbage-first heap   total 230400K, used 187880K [0x0000000080000000, 0x0000000100000000)
  region size 1024K, 50 young (51200K), 6 survivors (6144K)
 Metaspace       used 96958K, committed 97984K, reserved 557056K
  class space    used 13364K, committed 13888K, reserved 425984K
}
Event: 58.219 GC heap after
{Heap after GC invocations=51 (full 0):
 garbage-first heap   total 230400K, used 147271K [0x0000000080000000, 0x0000000100000000)
  region size 1024K, 5 young (5120K), 5 survivors (5120K)
 Metaspace       used 96958K, committed 97984K, reserved 557056K
  class space    used 13364K, committed 13888K, reserved 425984K
}
Event: 59.267 GC heap before
{Heap before GC invocations=51 (full 0):
 garbage-first heap   total 230400K, used 189255K [0x0000000080000000, 0x0000000100000000)
  region size 1024K, 47 young (48128K), 5 survivors (5120K)
 Metaspace       used 97729K, committed 98688K, reserved 557056K
  class space    used 13467K, committed 13952K, reserved 425984K
}
Event: 59.283 GC heap after
{Heap after GC invocations=52 (full 0):
 garbage-first heap   total 230400K, used 149942K [0x0000000080000000, 0x0000000100000000)
  region size 1024K, 3 young (3072K), 3 survivors (3072K)
 Metaspace       used 97729K, committed 98688K, reserved 557056K
  class space    used 13467K, committed 13952K, reserved 425984K
}
Event: 61.122 GC heap before
{Heap before GC invocations=52 (full 0):
 garbage-first heap   total 230400K, used 191926K [0x0000000080000000, 0x0000000100000000)
  region size 1024K, 44 young (45056K), 3 survivors (3072K)
 Metaspace       used 98143K, committed 99136K, reserved 557056K
  class space    used 13533K, committed 14016K, reserved 425984K
}
Event: 61.136 GC heap after
{Heap after GC invocations=53 (full 0):
 garbage-first heap   total 230400K, used 154624K [0x0000000080000000, 0x0000000100000000)
  region size 1024K, 6 young (6144K), 6 survivors (6144K)
 Metaspace       used 98143K, committed 99136K, reserved 557056K
  class space    used 13533K, committed 14016K, reserved 425984K
}
Event: 62.856 GC heap before
{Heap before GC invocations=53 (full 0):
 garbage-first heap   total 230400K, used 192512K [0x0000000080000000, 0x0000000100000000)
  region size 1024K, 44 young (45056K), 6 survivors (6144K)
 Metaspace       used 98427K, committed 99456K, reserved 557056K
  class space    used 13562K, committed 14080K, reserved 425984K
}
Event: 62.876 GC heap after
{Heap after GC invocations=54 (full 0):
 garbage-first heap   total 230400K, used 160009K [0x0000000080000000, 0x0000000100000000)
  region size 1024K, 6 young (6144K), 6 survivors (6144K)
 Metaspace       used 98427K, committed 99456K, reserved 557056K
  class space    used 13562K, committed 14080K, reserved 425984K
}
Event: 63.339 GC heap before
{Heap before GC invocations=54 (full 0):
 garbage-first heap   total 230400K, used 192777K [0x0000000080000000, 0x0000000100000000)
  region size 1024K, 39 young (39936K), 6 survivors (6144K)
 Metaspace       used 98527K, committed 99584K, reserved 557056K
  class space    used 13562K, committed 14080K, reserved 425984K
}
Event: 63.354 GC heap after
{Heap after GC invocations=55 (full 0):
 garbage-first heap   total 230400K, used 163545K [0x0000000080000000, 0x0000000100000000)
  region size 1024K, 4 young (4096K), 4 survivors (4096K)
 Metaspace       used 98527K, committed 99584K, reserved 557056K
  class space    used 13562K, committed 14080K, reserved 425984K
}

Dll operation events (12 events):
Event: 0.016 Loaded shared library C:\Program Files\Microsoft\jdk-17.0.8.7-hotspot\bin\java.dll
Event: 0.049 Loaded shared library C:\Program Files\Microsoft\jdk-17.0.8.7-hotspot\bin\jsvml.dll
Event: 0.130 Loaded shared library C:\Program Files\Microsoft\jdk-17.0.8.7-hotspot\bin\net.dll
Event: 0.132 Loaded shared library C:\Program Files\Microsoft\jdk-17.0.8.7-hotspot\bin\nio.dll
Event: 0.142 Loaded shared library C:\Program Files\Microsoft\jdk-17.0.8.7-hotspot\bin\zip.dll
Event: 0.579 Loaded shared library C:\Program Files\Microsoft\jdk-17.0.8.7-hotspot\bin\jimage.dll
Event: 0.794 Loaded shared library C:\Program Files\Microsoft\jdk-17.0.8.7-hotspot\bin\verify.dll
Event: 1.341 Loaded shared library C:\Users\arjun\.gradle\native\e1d6ef7f7dcc3fd88c89a11ec53ec762bb8ba0a96d01ffa2cd45eb1d1d8dd5c5\windows-amd64\native-platform.dll
Event: 1.404 Loaded shared library C:\Users\arjun\.gradle\native\0d407fdbe67a94daf76414ababcb853783967236a71b16ec16e742cd7a986fd3\windows-amd64\native-platform-file-events.dll
Event: 3.027 Loaded shared library C:\Program Files\Microsoft\jdk-17.0.8.7-hotspot\bin\management.dll
Event: 3.032 Loaded shared library C:\Program Files\Microsoft\jdk-17.0.8.7-hotspot\bin\management_ext.dll
Event: 4.004 Loaded shared library C:\Program Files\Microsoft\jdk-17.0.8.7-hotspot\bin\sunmscapi.dll

Deoptimization events (20 events):
Event: 63.043 Thread 0x000001ad3ee80760 Uncommon trap: trap_request=0xffffffbe fr.pc=0x000001ad0fdcb368 relative=0x0000000000001828
Event: 63.043 Thread 0x000001ad3ee80760 Uncommon trap: reason=profile_predicate action=maybe_recompile pc=0x000001ad0fdcb368 method=org.gradle.internal.file.FileHierarchySet$Node.contains(Ljava/lang/String;I)Z @ 69 c2
Event: 63.043 Thread 0x000001ad3ee80760 DEOPT PACKING pc=0x000001ad0fdcb368 sp=0x0000006f6bffbeb0
Event: 63.043 Thread 0x000001ad3ee80760 DEOPT UNPACKING pc=0x000001ad0efc69a3 sp=0x0000006f6bffbe80 mode 2
Event: 63.043 Thread 0x000001ad3ee80760 Uncommon trap: trap_request=0xffffffbe fr.pc=0x000001ad0fdcb368 relative=0x0000000000001828
Event: 63.043 Thread 0x000001ad3ee80760 Uncommon trap: reason=profile_predicate action=maybe_recompile pc=0x000001ad0fdcb368 method=org.gradle.internal.file.FileHierarchySet$Node.contains(Ljava/lang/String;I)Z @ 69 c2
Event: 63.043 Thread 0x000001ad3ee80760 DEOPT PACKING pc=0x000001ad0fdcb368 sp=0x0000006f6bffbeb0
Event: 63.043 Thread 0x000001ad3ee80760 DEOPT UNPACKING pc=0x000001ad0efc69a3 sp=0x0000006f6bffbe80 mode 2
Event: 63.043 Thread 0x000001ad3ee80760 Uncommon trap: trap_request=0xffffffbe fr.pc=0x000001ad0fdcb368 relative=0x0000000000001828
Event: 63.043 Thread 0x000001ad3ee80760 Uncommon trap: reason=profile_predicate action=maybe_recompile pc=0x000001ad0fdcb368 method=org.gradle.internal.file.FileHierarchySet$Node.contains(Ljava/lang/String;I)Z @ 69 c2
Event: 63.043 Thread 0x000001ad3ee80760 DEOPT PACKING pc=0x000001ad0fdcb368 sp=0x0000006f6bffbeb0
Event: 63.043 Thread 0x000001ad3ee80760 DEOPT UNPACKING pc=0x000001ad0efc69a3 sp=0x0000006f6bffbe80 mode 2
Event: 63.044 Thread 0x000001ad3ee80760 Uncommon trap: trap_request=0xffffffbe fr.pc=0x000001ad0fdcb368 relative=0x0000000000001828
Event: 63.044 Thread 0x000001ad3ee80760 Uncommon trap: reason=profile_predicate action=maybe_recompile pc=0x000001ad0fdcb368 method=org.gradle.internal.file.FileHierarchySet$Node.contains(Ljava/lang/String;I)Z @ 69 c2
Event: 63.044 Thread 0x000001ad3ee80760 DEOPT PACKING pc=0x000001ad0fdcb368 sp=0x0000006f6bffbeb0
Event: 63.044 Thread 0x000001ad3ee80760 DEOPT UNPACKING pc=0x000001ad0efc69a3 sp=0x0000006f6bffbe80 mode 2
Event: 63.183 Thread 0x000001ad3ee80760 DEOPT PACKING pc=0x000001ad089d5827 sp=0x0000006f6bffbbc0
Event: 63.183 Thread 0x000001ad3ee80760 DEOPT UNPACKING pc=0x000001ad0efc7143 sp=0x0000006f6bffb088 mode 0
Event: 63.500 Thread 0x000001ad3ee80760 DEOPT PACKING pc=0x000001ad089d5827 sp=0x0000006f6bffbbc0
Event: 63.500 Thread 0x000001ad3ee80760 DEOPT UNPACKING pc=0x000001ad0efc7143 sp=0x0000006f6bffb088 mode 0

Classes unloaded (0 events):
No events

Classes redefined (0 events):
No events

Internal exceptions (20 events):
Event: 59.624 Thread 0x000001ad3dc7ed40 Exception <a 'java/lang/ClassNotFoundException'{0x000000008d893620}: org/gradle/api/internal/file/AbstractFileCollectionCustomizer> (0x000000008d893620) 
thrown [s\src\hotspot\share\classfile\systemDictionary.cpp, line 256]
Event: 59.625 Thread 0x000001ad3dc7ed40 Exception <a 'java/lang/ClassNotFoundException'{0x000000008d8b9210}: org/gradle/api/internal/file/CompositeFileCollectionCustomizer> (0x000000008d8b9210) 
thrown [s\src\hotspot\share\classfile\systemDictionary.cpp, line 256]
Event: 59.627 Thread 0x000001ad3dc7ed40 Exception <a 'java/lang/ClassNotFoundException'{0x000000008d8d45f0}: org/gradle/api/internal/file/CompositeFileTreeCustomizer> (0x000000008d8d45f0) 
thrown [s\src\hotspot\share\classfile\systemDictionary.cpp, line 256]
Event: 59.629 Thread 0x000001ad3dc7ed40 Exception <a 'java/lang/ClassNotFoundException'{0x000000008d8f32b0}: org/gradle/api/internal/file/collections/DefaultConfigurableFileTreeCustomizer> (0x000000008d8f32b0) 
thrown [s\src\hotspot\share\classfile\systemDictionary.cpp, line 256]
Event: 59.659 Thread 0x000001ad3dc7ed40 Exception <a 'java/lang/ClassNotFoundException'{0x000000008d797eb0}: org/gradle/api/internal/file/DefaultFileVisitDetailsBeanInfo> (0x000000008d797eb0) 
thrown [s\src\hotspot\share\classfile\systemDictionary.cpp, line 256]
Event: 59.662 Thread 0x000001ad3dc7ed40 Exception <a 'java/lang/ClassNotFoundException'{0x000000008d7add50}: org/gradle/api/internal/file/DefaultFileTreeElementBeanInfo> (0x000000008d7add50) 
thrown [s\src\hotspot\share\classfile\systemDictionary.cpp, line 256]
Event: 59.663 Thread 0x000001ad3dc7ed40 Exception <a 'java/lang/ClassNotFoundException'{0x000000008d7c48f0}: org/gradle/api/internal/file/AbstractFileTreeElementBeanInfo> (0x000000008d7c48f0) 
thrown [s\src\hotspot\share\classfile\systemDictionary.cpp, line 256]
Event: 59.665 Thread 0x000001ad3dc7ed40 Exception <a 'java/lang/ClassNotFoundException'{0x000000008d7da7a0}: org/gradle/api/internal/file/AbstractFileTreeElementCustomizer> (0x000000008d7da7a0) 
thrown [s\src\hotspot\share\classfile\systemDictionary.cpp, line 256]
Event: 59.673 Thread 0x000001ad3dc7ed40 Exception <a 'java/lang/ClassNotFoundException'{0x000000008d7f70f0}: org/gradle/api/internal/file/DefaultFileTreeElementCustomizer> (0x000000008d7f70f0) 
thrown [s\src\hotspot\share\classfile\systemDictionary.cpp, line 256]
Event: 59.675 Thread 0x000001ad3dc7ed40 Exception <a 'java/lang/ClassNotFoundException'{0x000000008d617028}: org/gradle/api/internal/file/DefaultFileVisitDetailsCustomizer> (0x000000008d617028) 
thrown [s\src\hotspot\share\classfile\systemDictionary.cpp, line 256]
Event: 59.681 Thread 0x000001ad3dc7ed40 Exception <a 'java/lang/ClassNotFoundException'{0x000000008d654698}: java/nio/file/FilesBeanInfo> (0x000000008d654698) 
thrown [s\src\hotspot\share\classfile\systemDictionary.cpp, line 256]
Event: 59.681 Thread 0x000001ad3dc7ed40 Exception <a 'java/lang/ClassNotFoundException'{0x000000008d65e6b0}: java/nio/file/FilesCustomizer> (0x000000008d65e6b0) 
thrown [s\src\hotspot\share\classfile\systemDictionary.cpp, line 256]
Event: 61.768 Thread 0x000001ad3dc7ed40 Exception <a 'java/lang/ClassNotFoundException'{0x000000008d121510}: org/gradle/api/internal/file/AttributeBasedFileVisitDetailsBeanInfo> (0x000000008d121510) 
thrown [s\src\hotspot\share\classfile\systemDictionary.cpp, line 256]
Event: 61.769 Thread 0x000001ad3dc7ed40 Exception <a 'java/lang/ClassNotFoundException'{0x000000008d1366b0}: org/gradle/api/internal/file/AttributeBasedFileVisitDetailsCustomizer> (0x000000008d1366b0) 
thrown [s\src\hotspot\share\classfile\systemDictionary.cpp, line 256]
Event: 62.238 Thread 0x000001ad3dc7ed40 Exception <a 'java/lang/ClassNotFoundException'{0x000000008c8c1108}: java/util/LinkedHashSetBeanInfo> (0x000000008c8c1108) 
thrown [s\src\hotspot\share\classfile\systemDictionary.cpp, line 256]
Event: 62.239 Thread 0x000001ad3dc7ed40 Exception <a 'java/lang/ClassNotFoundException'{0x000000008c8c86a8}: java/util/HashSetBeanInfo> (0x000000008c8c86a8) 
thrown [s\src\hotspot\share\classfile\systemDictionary.cpp, line 256]
Event: 62.239 Thread 0x000001ad3dc7ed40 Exception <a 'java/lang/ClassNotFoundException'{0x000000008c8cf9c8}: java/util/HashSetCustomizer> (0x000000008c8cf9c8) 
thrown [s\src\hotspot\share\classfile\systemDictionary.cpp, line 256]
Event: 62.240 Thread 0x000001ad3dc7ed40 Exception <a 'java/lang/ClassNotFoundException'{0x000000008c8e0d00}: java/util/LinkedHashSetCustomizer> (0x000000008c8e0d00) 
thrown [s\src\hotspot\share\classfile\systemDictionary.cpp, line 256]
Event: 62.276 Thread 0x000001ad3dc7ed40 Implicit null exception at 0x000001ad0f652ad7 to 0x000001ad0f652f28
Event: 62.480 Thread 0x000001ad3dc7de10 Exception <a 'java/lang/NoSuchMethodError'{0x000000008c57b910}: static Lcom/android/build/api/variant/BuildConfigField;.<clinit>()V> (0x000000008c57b910) 
thrown [s\src\hotspot\share\prims\jni.cpp, line 1107]

VM Operations (20 events):
Event: 59.079 Executing VM operation: ICBufferFull
Event: 59.079 Executing VM operation: ICBufferFull done
Event: 59.267 Executing VM operation: G1CollectForAllocation
Event: 59.284 Executing VM operation: G1CollectForAllocation done
Event: 60.223 Executing VM operation: HandshakeAllThreads
Event: 60.223 Executing VM operation: HandshakeAllThreads done
Event: 61.121 Executing VM operation: G1CollectForAllocation
Event: 61.136 Executing VM operation: G1CollectForAllocation done
Event: 62.278 Executing VM operation: HandshakeAllThreads
Event: 62.279 Executing VM operation: HandshakeAllThreads done
Event: 62.279 Executing VM operation: Cleanup
Event: 62.279 Executing VM operation: Cleanup done
Event: 62.280 Executing VM operation: HandshakeAllThreads
Event: 62.280 Executing VM operation: HandshakeAllThreads done
Event: 62.556 Executing VM operation: ICBufferFull
Event: 62.557 Executing VM operation: ICBufferFull done
Event: 62.856 Executing VM operation: G1CollectForAllocation
Event: 62.877 Executing VM operation: G1CollectForAllocation done
Event: 63.339 Executing VM operation: G1CollectForAllocation
Event: 63.354 Executing VM operation: G1CollectForAllocation done

Events (20 events):
Event: 62.474 loading class java/io/ClassCache$CacheRef
Event: 62.474 loading class java/io/ClassCache$CacheRef done
Event: 62.475 loading class java/io/ObjectStreamClass$FieldReflectorKey
Event: 62.478 loading class java/io/ObjectStreamClass$FieldReflectorKey done
Event: 62.478 loading class java/io/ObjectStreamClass$FieldReflector
Event: 62.479 loading class java/io/ObjectStreamClass$FieldReflector done
Event: 62.479 loading class java/io/ObjectStreamClass$1
Event: 62.479 loading class java/io/ObjectStreamClass$1 done
Event: 62.479 loading class java/io/ObjectStreamClass$MemberSignature
Event: 62.479 loading class java/io/ObjectStreamClass$MemberSignature done
Event: 62.480 loading class java/io/ObjectStreamClass$3
Event: 62.480 loading class java/io/ObjectStreamClass$3 done
Event: 62.480 loading class java/io/ObjectStreamClass$4
Event: 62.480 loading class java/io/ObjectStreamClass$4 done
Event: 62.480 loading class java/io/ObjectStreamClass$5
Event: 62.481 loading class java/io/ObjectStreamClass$5 done
Event: 62.481 loading class java/io/ObjectStreamClass$ClassDataSlot
Event: 62.481 loading class java/io/ObjectStreamClass$ClassDataSlot done
Event: 62.481 loading class jdk/internal/reflect/UnsafeQualifiedStaticLongFieldAccessorImpl
Event: 62.482 loading class jdk/internal/reflect/UnsafeQualifiedStaticLongFieldAccessorImpl done


Dynamic libraries:
0x00007ff690f10000 - 0x00007ff690f1e000 	C:\Program Files\Microsoft\jdk-17.0.8.7-hotspot\bin\java.exe
0x00007ffb6f4b0000 - 0x00007ffb6f6c7000 	C:\WINDOWS\SYSTEM32\ntdll.dll
0x00007ffb6de60000 - 0x00007ffb6df24000 	C:\WINDOWS\System32\KERNEL32.DLL
0x00007ffb6cde0000 - 0x00007ffb6d186000 	C:\WINDOWS\System32\KERNELBASE.dll
0x00007ffb6c850000 - 0x00007ffb6c961000 	C:\WINDOWS\System32\ucrtbase.dll
0x00007ffb49300000 - 0x00007ffb49317000 	C:\Program Files\Microsoft\jdk-17.0.8.7-hotspot\bin\jli.dll
0x00007ffb6e9c0000 - 0x00007ffb6eb6e000 	C:\WINDOWS\System32\USER32.dll
0x00007ffb5a250000 - 0x00007ffb5a26b000 	C:\Program Files\Microsoft\jdk-17.0.8.7-hotspot\bin\VCRUNTIME140.dll
0x00007ffb6c820000 - 0x00007ffb6c846000 	C:\WINDOWS\System32\win32u.dll
0x00007ffb6ebd0000 - 0x00007ffb6ebf9000 	C:\WINDOWS\System32\GDI32.dll
0x00007ffb6cc40000 - 0x00007ffb6cd58000 	C:\WINDOWS\System32\gdi32full.dll
0x00007ffb6cae0000 - 0x00007ffb6cb7a000 	C:\WINDOWS\System32\msvcp_win.dll
0x00007ffb54e40000 - 0x00007ffb550d3000 	C:\WINDOWS\WinSxS\amd64_microsoft.windows.common-controls_6595b64144ccf1df_6.0.22621.2506_none_270c5ae97388e100\COMCTL32.dll
0x00007ffb6d830000 - 0x00007ffb6d8d7000 	C:\WINDOWS\System32\msvcrt.dll
0x00007ffb6d470000 - 0x00007ffb6d4a1000 	C:\WINDOWS\System32\IMM32.DLL
0x00007ffb67370000 - 0x00007ffb6737c000 	C:\Program Files\Microsoft\jdk-17.0.8.7-hotspot\bin\vcruntime140_1.dll
0x00007ffb265f0000 - 0x00007ffb2667d000 	C:\Program Files\Microsoft\jdk-17.0.8.7-hotspot\bin\msvcp140.dll
0x00007ffb11c00000 - 0x00007ffb12865000 	C:\Program Files\Microsoft\jdk-17.0.8.7-hotspot\bin\server\jvm.dll
0x00007ffb6e470000 - 0x00007ffb6e521000 	C:\WINDOWS\System32\ADVAPI32.dll
0x00007ffb6d4c0000 - 0x00007ffb6d565000 	C:\WINDOWS\System32\sechost.dll
0x00007ffb6dfc0000 - 0x00007ffb6e0d7000 	C:\WINDOWS\System32\RPCRT4.dll
0x00007ffb65e00000 - 0x00007ffb65e34000 	C:\WINDOWS\SYSTEM32\WINMM.dll
0x00007ffb6b650000 - 0x00007ffb6b69d000 	C:\WINDOWS\SYSTEM32\POWRPROF.dll
0x00007ffb4e260000 - 0x00007ffb4e269000 	C:\WINDOWS\SYSTEM32\WSOCK32.dll
0x00007ffb6df30000 - 0x00007ffb6dfa1000 	C:\WINDOWS\System32\WS2_32.dll
0x00007ffb65df0000 - 0x00007ffb65dfa000 	C:\WINDOWS\SYSTEM32\VERSION.dll
0x00007ffb6b610000 - 0x00007ffb6b623000 	C:\WINDOWS\SYSTEM32\UMPDC.dll
0x00007ffb6b8d0000 - 0x00007ffb6b8e8000 	C:\WINDOWS\SYSTEM32\kernel.appcore.dll
0x00007ffb5a240000 - 0x00007ffb5a24a000 	C:\Program Files\Microsoft\jdk-17.0.8.7-hotspot\bin\jimage.dll
0x00007ffb6a030000 - 0x00007ffb6a263000 	C:\WINDOWS\SYSTEM32\DBGHELP.DLL
0x00007ffb6e0e0000 - 0x00007ffb6e469000 	C:\WINDOWS\System32\combase.dll
0x00007ffb6e8e0000 - 0x00007ffb6e9b7000 	C:\WINDOWS\System32\OLEAUT32.dll
0x00007ffb583c0000 - 0x00007ffb583f2000 	C:\WINDOWS\SYSTEM32\dbgcore.DLL
0x00007ffb6cd60000 - 0x00007ffb6cdda000 	C:\WINDOWS\System32\bcryptPrimitives.dll
0x00007ffb40c90000 - 0x00007ffb40cb5000 	C:\Program Files\Microsoft\jdk-17.0.8.7-hotspot\bin\java.dll
0x00007ffb21cb0000 - 0x00007ffb21d87000 	C:\Program Files\Microsoft\jdk-17.0.8.7-hotspot\bin\jsvml.dll
0x00007ffb6ec10000 - 0x00007ffb6f46a000 	C:\WINDOWS\System32\SHELL32.dll
0x00007ffb6a700000 - 0x00007ffb6aff6000 	C:\WINDOWS\SYSTEM32\windows.storage.dll
0x00007ffb6a5c0000 - 0x00007ffb6a6fe000 	C:\WINDOWS\SYSTEM32\wintypes.dll
0x00007ffb6d570000 - 0x00007ffb6d663000 	C:\WINDOWS\System32\SHCORE.dll
0x00007ffb6eb70000 - 0x00007ffb6ebce000 	C:\WINDOWS\System32\shlwapi.dll
0x00007ffb6c750000 - 0x00007ffb6c776000 	C:\WINDOWS\SYSTEM32\profapi.dll
0x00007ffb453c0000 - 0x00007ffb453d9000 	C:\Program Files\Microsoft\jdk-17.0.8.7-hotspot\bin\net.dll
0x00007ffb65a80000 - 0x00007ffb65bb7000 	C:\WINDOWS\SYSTEM32\WINHTTP.dll
0x00007ffb6bd40000 - 0x00007ffb6bda9000 	C:\WINDOWS\system32\mswsock.dll
0x00007ffb44ce0000 - 0x00007ffb44cf6000 	C:\Program Files\Microsoft\jdk-17.0.8.7-hotspot\bin\nio.dll
0x00007ffb44c30000 - 0x00007ffb44c48000 	C:\Program Files\Microsoft\jdk-17.0.8.7-hotspot\bin\zip.dll
0x00007ffb57130000 - 0x00007ffb57140000 	C:\Program Files\Microsoft\jdk-17.0.8.7-hotspot\bin\verify.dll
0x00007ffb40c60000 - 0x00007ffb40c87000 	C:\Users\arjun\.gradle\native\e1d6ef7f7dcc3fd88c89a11ec53ec762bb8ba0a96d01ffa2cd45eb1d1d8dd5c5\windows-amd64\native-platform.dll
0x00007ffb11ab0000 - 0x00007ffb11bf4000 	C:\Users\arjun\.gradle\native\0d407fdbe67a94daf76414ababcb853783967236a71b16ec16e742cd7a986fd3\windows-amd64\native-platform-file-events.dll
0x00007ffb556b0000 - 0x00007ffb556b9000 	C:\Program Files\Microsoft\jdk-17.0.8.7-hotspot\bin\management.dll
0x00007ffb4e130000 - 0x00007ffb4e13b000 	C:\Program Files\Microsoft\jdk-17.0.8.7-hotspot\bin\management_ext.dll
0x00007ffb6d4b0000 - 0x00007ffb6d4b8000 	C:\WINDOWS\System32\PSAPI.DLL
0x00007ffb6c090000 - 0x00007ffb6c0ab000 	C:\WINDOWS\SYSTEM32\CRYPTSP.dll
0x00007ffb6b830000 - 0x00007ffb6b865000 	C:\WINDOWS\system32\rsaenh.dll
0x00007ffb6bde0000 - 0x00007ffb6be0c000 	C:\WINDOWS\SYSTEM32\USERENV.dll
0x00007ffb6c1d0000 - 0x00007ffb6c1f8000 	C:\WINDOWS\SYSTEM32\bcrypt.dll
0x00007ffb6c070000 - 0x00007ffb6c07c000 	C:\WINDOWS\SYSTEM32\CRYPTBASE.dll
0x00007ffb6b2d0000 - 0x00007ffb6b2fd000 	C:\WINDOWS\SYSTEM32\IPHLPAPI.DLL
0x00007ffb6dfb0000 - 0x00007ffb6dfb9000 	C:\WINDOWS\System32\NSI.dll
0x00007ffb65d90000 - 0x00007ffb65da9000 	C:\WINDOWS\SYSTEM32\dhcpcsvc6.DLL
0x00007ffb65d70000 - 0x00007ffb65d8f000 	C:\WINDOWS\SYSTEM32\dhcpcsvc.DLL
0x00007ffb6b340000 - 0x00007ffb6b439000 	C:\WINDOWS\SYSTEM32\DNSAPI.dll
0x00007ffb46ba0000 - 0x00007ffb46bae000 	C:\Program Files\Microsoft\jdk-17.0.8.7-hotspot\bin\sunmscapi.dll
0x00007ffb6c970000 - 0x00007ffb6cad6000 	C:\WINDOWS\System32\CRYPT32.dll
0x00007ffb6c1a0000 - 0x00007ffb6c1cd000 	C:\WINDOWS\SYSTEM32\ncrypt.dll
0x00007ffb6c160000 - 0x00007ffb6c197000 	C:\WINDOWS\SYSTEM32\NTASN1.dll
0x00007ffb35ec0000 - 0x00007ffb35ec8000 	C:\WINDOWS\system32\wshunix.dll

dbghelp: loaded successfully - version: 4.0.5 - missing functions: none
symbol engine: initialized successfully - sym options: 0x614 - pdb path: .;C:\Program Files\Microsoft\jdk-17.0.8.7-hotspot\bin;C:\WINDOWS\SYSTEM32;C:\WINDOWS\WinSxS\amd64_microsoft.windows.common-controls_6595b64144ccf1df_6.0.22621.2506_none_270c5ae97388e100;C:\Program Files\Microsoft\jdk-17.0.8.7-hotspot\bin\server;C:\Users\arjun\.gradle\native\e1d6ef7f7dcc3fd88c89a11ec53ec762bb8ba0a96d01ffa2cd45eb1d1d8dd5c5\windows-amd64;C:\Users\arjun\.gradle\native\0d407fdbe67a94daf76414ababcb853783967236a71b16ec16e742cd7a986fd3\windows-amd64

VM Arguments:
jvm_args: -XX:MaxMetaspaceSize=512m --add-opens=java.base/java.util=ALL-UNNAMED --add-opens=java.base/java.lang=ALL-UNNAMED --add-opens=java.base/java.lang.invoke=ALL-UNNAMED --add-opens=java.base/java.util=ALL-UNNAMED --add-opens=java.prefs/java.util.prefs=ALL-UNNAMED --add-opens=java.prefs/java.util.prefs=ALL-UNNAMED --add-opens=java.base/java.nio.charset=ALL-UNNAMED --add-opens=java.base/java.net=ALL-UNNAMED --add-opens=java.base/java.util.concurrent.atomic=ALL-UNNAMED -Xmx2048m -Dfile.encoding=windows-1252 -Duser.country=GB -Duser.language=en -Duser.variant 
java_command: org.gradle.launcher.daemon.bootstrap.GradleDaemon 7.5.1
java_class_path (initial): C:\Users\arjun\.gradle\wrapper\dists\gradle-7.5.1-all\1ehga6e77gqps5uk2kc5kf1vc\gradle-7.5.1\lib\gradle-launcher-7.5.1.jar
Launcher Type: SUN_STANDARD

[Global flags]
     intx CICompilerCount                          = 3                                         {product} {ergonomic}
   size_t CompressedClassSpaceSize                 = 436207616                                 {product} {ergonomic}
     uint ConcGCThreads                            = 1                                         {product} {ergonomic}
     uint G1ConcRefinementThreads                  = 4                                         {product} {ergonomic}
   size_t G1HeapRegionSize                         = 1048576                                   {product} {ergonomic}
    uintx GCDrainStackTargetSize                   = 64                                        {product} {ergonomic}
   size_t InitialHeapSize                          = 134217728                                 {product} {ergonomic}
   size_t MarkStackSize                            = 4194304                                   {product} {ergonomic}
   size_t MaxHeapSize                              = 2147483648                                {product} {command line}
   size_t MaxMetaspaceSize                         = 536870912                                 {product} {command line}
   size_t MaxNewSize                               = 1287651328                                {product} {ergonomic}
   size_t MinHeapDeltaBytes                        = 1048576                                   {product} {ergonomic}
   size_t MinHeapSize                              = 8388608                                   {product} {ergonomic}
    uintx NonNMethodCodeHeapSize                   = 5832780                                {pd product} {ergonomic}
    uintx NonProfiledCodeHeapSize                  = 122912730                              {pd product} {ergonomic}
    uintx ProfiledCodeHeapSize                     = 122912730                              {pd product} {ergonomic}
    uintx ReservedCodeCacheSize                    = 251658240                              {pd product} {ergonomic}
     bool SegmentedCodeCache                       = true                                      {product} {ergonomic}
   size_t SoftMaxHeapSize                          = 2147483648                             {manageable} {ergonomic}
     bool UseCompressedClassPointers               = true                           {product lp64_product} {ergonomic}
     bool UseCompressedOops                        = true                           {product lp64_product} {ergonomic}
     bool UseG1GC                                  = true                                      {product} {ergonomic}
     bool UseLargePagesIndividualAllocation        = false                                  {pd product} {ergonomic}

Logging:
Log output configuration:
 #0: stdout all=warning uptime,level,tags
 #1: stderr all=off uptime,level,tags

Environment Variables:
JAVA_HOME=C:\Program Files\Microsoft\jdk-17.0.8.7-hotspot\
CLASSPATH=D:\react-native\ClinicAppNew\android\\gradle\wrapper\gradle-wrapper.jar
PATH=D:\react-native\ClinicAppNew\android\node_modules\.bin;D:\react-native\ClinicAppNew\node_modules\.bin;D:\react-native\node_modules\.bin;D:\node_modules\.bin;C:\Program Files\nodejs;D:\react-native\ClinicAppNew\node_modules\.bin;D:\react-native\ClinicAppNew\node_modules\.bin;D:\react-native\node_modules\.bin;D:\node_modules\.bin;C:\Program Files\nodejs\node_modules\npm\node_modules\@npmcli\run-script\lib\node-gyp-bin;D:\react-native\ClinicAppNew\node_modules\.bin;D:\react-native\node_modules\.bin;D:\node_modules\.bin;C:\Program Files\nodejs;D:\react-native\ClinicAppNew\node_modules\.bin;D:\react-native\node_modules\.bin;D:\node_modules\.bin;C:\Program Files\nodejs\node_modules\npm\node_modules\@npmcli\run-script\lib\node-gyp-bin;C:\Program Files\Microsoft\jdk-17.0.8.7-hotspot\bin;C:\WINDOWS\system32;C:\WINDOWS;C:\WINDOWS\System32\Wbem;C:\WINDOWS\System32\WindowsPowerShell\v1.0\;C:\WINDOWS\System32\OpenSSH\;C:\Program Files\dotnet\;C:\Program Files\nodejs\;C:\Program Files\Git\cmd;C:\ProgramData\chocolatey\bin;C:\Users\arjun\AppData\Local\Android\Sdk\tools;C:\Users\arjun\AppData\Local\Microsoft\WindowsApps;C:\Users\arjun\AppData\Local\Programs\Microsoft VS Code\bin;C:\Users\arjun\AppData\Roaming\npm;C:\Users\arjun\AppData\Local\Android\Sdk\platform-tools;
USERNAME=arjun
LANG=en_US.UTF-8
OS=Windows_NT
PROCESSOR_IDENTIFIER=Intel64 Family 6 Model 78 Stepping 3, GenuineIntel
TMP=C:\Users\arjun\AppData\Local\Temp
TEMP=C:\Users\arjun\AppData\Local\Temp



---------------  S Y S T E M  ---------------

OS:
 Windows 11 , 64 bit Build 22621 (10.0.22621.2506)
OS uptime: 3 days 6:53 hours
Hyper-V role detected

CPU: total 4 (initial active 4) (2 cores per cpu, 2 threads per core) family 6 model 78 stepping 3 microcode 0xec, cx8, cmov, fxsr, ht, mmx, 3dnowpref, sse, sse2, sse3, ssse3, sse4.1, sse4.2, popcnt, lzcnt, tsc, tscinvbit, avx, avx2, aes, erms, clmul, bmi1, bmi2, rtm, adx, fma, vzeroupper, clflush, clflushopt, hv
Processor Information for processor 0
  Max Mhz: 2808, Current Mhz: 1504, Mhz Limit: 2583
Processor Information for processor 1
  Max Mhz: 2808, Current Mhz: 2607, Mhz Limit: 2583
Processor Information for processor 2
  Max Mhz: 2808, Current Mhz: 2607, Mhz Limit: 2583
Processor Information for processor 3
  Max Mhz: 2808, Current Mhz: 2607, Mhz Limit: 2583

Memory: 4k page, system-wide physical 8068M (481M free)
TotalPageFile size 12020M (AvailPageFile size 2318M)
current process WorkingSet (physical memory assigned to process): 521M, peak: 529M
current process commit charge ("private bytes"): 559M, peak: 566M

vm_info: OpenJDK 64-Bit Server VM (17.0.8+7-LTS) for windows-amd64 JRE (17.0.8+7-LTS), built on Jul  7 2023 17:21:55 by "MicrosoftCorporation" with MS VC++ 16.10 / 16.11 (VS2019)

END.
